{"contracts/Admin.sol":{"l":{"53":532,"54":1,"57":531,"58":531,"60":531,"69":468,"70":468,"71":468,"83":5,"84":4,"85":4,"96":2,"97":2,"98":2,"100":2,"115":74,"116":1,"119":73,"120":71,"122":1,"125":73,"137":4,"138":1,"140":3,"141":1,"143":1,"146":3,"160":754,"167":206,"178":76,"187":5,"207":2592},"path":"/home/ntqsang/WORK/Coupon-Smart-Contract/contracts/Admin.sol","s":{"1":532,"2":531,"3":531,"4":531,"5":468,"6":468,"7":468,"8":5,"9":4,"10":4,"11":2,"12":2,"13":2,"14":2,"15":74,"16":73,"17":71,"18":2,"19":1,"20":73,"21":4,"22":3,"23":1,"24":2,"25":1,"26":3,"27":754,"28":206,"29":76,"30":5,"31":2592},"b":{"1":[1,531],"2":[1,73],"3":[71,2],"4":[1,1],"5":[1,3],"6":[1,2],"7":[1,1]},"f":{"1":532,"2":468,"3":5,"4":2,"5":74,"6":4,"7":754,"8":206,"9":76,"10":5,"11":2592},"fnMap":{"1":{"name":"initialize","line":52,"loc":{"start":{"line":52,"column":4},"end":{"line":61,"column":4}}},"2":{"name":"registerTreasury","line":68,"loc":{"start":{"line":68,"column":4},"end":{"line":72,"column":4}}},"3":{"name":"setAdmin","line":82,"loc":{"start":{"line":82,"column":4},"end":{"line":86,"column":4}}},"4":{"name":"setTreasury","line":95,"loc":{"start":{"line":95,"column":4},"end":{"line":101,"column":4}}},"5":{"name":"setPermittedPaymentToken","line":111,"loc":{"start":{"line":111,"column":4},"end":{"line":126,"column":4}}},"6":{"name":"setPermittedNFT","line":136,"loc":{"start":{"line":136,"column":4},"end":{"line":147,"column":4}}},"7":{"name":"owner","line":154,"loc":{"start":{"line":154,"column":4},"end":{"line":161,"column":4}}},"8":{"name":"isAdmin","line":166,"loc":{"start":{"line":166,"column":4},"end":{"line":168,"column":4}}},"9":{"name":"isPermittedPaymentToken","line":175,"loc":{"start":{"line":175,"column":4},"end":{"line":179,"column":4}}},"10":{"name":"isPermittedNFT","line":186,"loc":{"start":{"line":186,"column":4},"end":{"line":188,"column":4}}},"11":{"name":"supportsInterface","line":198,"loc":{"start":{"line":198,"column":4},"end":{"line":210,"column":4}}}},"statementMap":{"1":{"start":{"line":53,"column":8},"end":{"line":53,"column":1754}},"2":{"start":{"line":57,"column":8},"end":{"line":57,"column":23}},"3":{"start":{"line":58,"column":8},"end":{"line":58,"column":22}},"4":{"start":{"line":60,"column":8},"end":{"line":60,"column":32}},"5":{"start":{"line":69,"column":8},"end":{"line":69,"column":43}},"6":{"start":{"line":70,"column":8},"end":{"line":70,"column":30}},"7":{"start":{"line":71,"column":8},"end":{"line":71,"column":39}},"8":{"start":{"line":83,"column":8},"end":{"line":83,"column":47}},"9":{"start":{"line":84,"column":8},"end":{"line":84,"column":32}},"10":{"start":{"line":85,"column":8},"end":{"line":85,"column":39}},"11":{"start":{"line":96,"column":8},"end":{"line":96,"column":48}},"12":{"start":{"line":97,"column":8},"end":{"line":97,"column":38}},"13":{"start":{"line":98,"column":8},"end":{"line":98,"column":27}},"14":{"start":{"line":100,"column":8},"end":{"line":100,"column":47}},"15":{"start":{"line":115,"column":8},"end":{"line":115,"column":3679}},"16":{"start":{"line":119,"column":8},"end":{"line":119,"column":3786}},"17":{"start":{"line":120,"column":12},"end":{"line":120,"column":60}},"18":{"start":{"line":121,"column":15},"end":{"line":121,"column":3878}},"19":{"start":{"line":122,"column":12},"end":{"line":122,"column":63}},"20":{"start":{"line":125,"column":8},"end":{"line":125,"column":60}},"21":{"start":{"line":137,"column":8},"end":{"line":137,"column":4479}},"22":{"start":{"line":140,"column":8},"end":{"line":140,"column":4585}},"23":{"start":{"line":141,"column":12},"end":{"line":141,"column":41}},"24":{"start":{"line":142,"column":15},"end":{"line":142,"column":4658}},"25":{"start":{"line":143,"column":12},"end":{"line":143,"column":44}},"26":{"start":{"line":146,"column":8},"end":{"line":146,"column":49}},"27":{"start":{"line":160,"column":8},"end":{"line":160,"column":28}},"28":{"start":{"line":167,"column":8},"end":{"line":167,"column":54}},"29":{"start":{"line":178,"column":8},"end":{"line":178,"column":62}},"30":{"start":{"line":187,"column":8},"end":{"line":187,"column":50}},"31":{"start":{"line":207,"column":8},"end":{"line":207,"column":6495}}},"branchMap":{"1":{"line":53,"type":"if","locations":[{"start":{"line":53,"column":8},"end":{"line":53,"column":8}},{"start":{"line":53,"column":8},"end":{"line":53,"column":8}}]},"2":{"line":115,"type":"if","locations":[{"start":{"line":115,"column":8},"end":{"line":115,"column":8}},{"start":{"line":115,"column":8},"end":{"line":115,"column":8}}]},"3":{"line":119,"type":"if","locations":[{"start":{"line":119,"column":8},"end":{"line":119,"column":8}},{"start":{"line":119,"column":8},"end":{"line":119,"column":8}}]},"4":{"line":121,"type":"if","locations":[{"start":{"line":121,"column":15},"end":{"line":121,"column":15}},{"start":{"line":121,"column":15},"end":{"line":121,"column":15}}]},"5":{"line":137,"type":"if","locations":[{"start":{"line":137,"column":8},"end":{"line":137,"column":8}},{"start":{"line":137,"column":8},"end":{"line":137,"column":8}}]},"6":{"line":140,"type":"if","locations":[{"start":{"line":140,"column":8},"end":{"line":140,"column":8}},{"start":{"line":140,"column":8},"end":{"line":140,"column":8}}]},"7":{"line":142,"type":"if","locations":[{"start":{"line":142,"column":15},"end":{"line":142,"column":15}},{"start":{"line":142,"column":15},"end":{"line":142,"column":15}}]}}},"contracts/Adminable.sol":{"l":{"23":349,"24":9,"26":340,"30":342,"31":331,"35":105,"36":104,"41":235,"50":6,"57":8,"58":8,"65":6},"path":"/home/ntqsang/WORK/Coupon-Smart-Contract/contracts/Adminable.sol","s":{"1":349,"2":342,"3":105,"4":235,"5":6,"6":8,"7":8,"8":6},"b":{"1":[9,340]},"f":{"1":349,"2":342,"3":105,"4":235,"5":6,"6":8,"7":6},"fnMap":{"1":{"name":"onlyAdmin","line":22,"loc":{"start":{"line":22,"column":4},"end":{"line":27,"column":4}}},"2":{"name":"notZeroAddress","line":29,"loc":{"start":{"line":29,"column":4},"end":{"line":32,"column":4}}},"3":{"name":"notZeroAmount","line":34,"loc":{"start":{"line":34,"column":4},"end":{"line":37,"column":4}}},"4":{"name":"__Adminable_init","line":40,"loc":{"start":{"line":40,"column":4},"end":{"line":42,"column":4}}},"5":{"name":"setAdmin","line":49,"loc":{"start":{"line":49,"column":4},"end":{"line":51,"column":4}}},"6":{"name":"_setAdmin","line":56,"loc":{"start":{"line":53,"column":4},"end":{"line":59,"column":4}}},"7":{"name":"isAdmin","line":64,"loc":{"start":{"line":64,"column":4},"end":{"line":66,"column":4}}}},"statementMap":{"1":{"start":{"line":23,"column":8},"end":{"line":23,"column":597}},"2":{"start":{"line":30,"column":8},"end":{"line":30,"column":44}},"3":{"start":{"line":35,"column":8},"end":{"line":35,"column":45}},"4":{"start":{"line":41,"column":8},"end":{"line":41,"column":42}},"5":{"start":{"line":50,"column":8},"end":{"line":50,"column":31}},"6":{"start":{"line":57,"column":8},"end":{"line":57,"column":29}},"7":{"start":{"line":58,"column":8},"end":{"line":58,"column":36}},"8":{"start":{"line":65,"column":8},"end":{"line":65,"column":31}}},"branchMap":{"1":{"line":23,"type":"if","locations":[{"start":{"line":23,"column":8},"end":{"line":23,"column":8}},{"start":{"line":23,"column":8},"end":{"line":23,"column":8}}]}}},"contracts/Auction/AuctionFactory.sol":{"l":{"67":27,"68":27,"70":27,"71":27,"84":2,"85":2,"86":2,"87":2,"88":2,"89":1,"95":1,"97":1,"103":1,"106":2,"108":2,"114":2,"117":2,"118":1,"129":1,"140":2,"143":2,"151":2,"161":1,"162":1,"164":1,"174":1,"175":1,"177":1,"206":2,"212":2,"216":2},"path":"/home/ntqsang/WORK/Coupon-Smart-Contract/contracts/Auction/AuctionFactory.sol","s":{"1":27,"2":27,"3":27,"4":27,"5":2,"6":2,"7":2,"8":2,"9":2,"10":1,"11":1,"12":1,"13":1,"14":2,"15":2,"16":2,"17":2,"18":1,"19":1,"20":2,"21":2,"22":2,"23":1,"24":1,"25":1,"26":1,"27":1,"28":1,"29":2,"30":2,"31":2},"b":{"1":[1,1],"2":[1,1]},"f":{"1":27,"2":2,"3":1,"4":1,"5":2,"6":2,"7":2},"fnMap":{"1":{"name":"initialize","line":66,"loc":{"start":{"line":62,"column":4},"end":{"line":72,"column":4}}},"2":{"name":"create","line":83,"loc":{"start":{"line":74,"column":4},"end":{"line":152,"column":4}}},"3":{"name":"setDutchTemplate","line":160,"loc":{"start":{"line":158,"column":4},"end":{"line":165,"column":4}}},"4":{"name":"setEnglishAuction","line":173,"loc":{"start":{"line":171,"column":4},"end":{"line":178,"column":4}}},"5":{"name":"checkAuctionOfUser","line":202,"loc":{"start":{"line":202,"column":4},"end":{"line":207,"column":4}}},"6":{"name":"getAuctionByUser","line":209,"loc":{"start":{"line":209,"column":4},"end":{"line":213,"column":4}}},"7":{"name":"getAuctionId","line":215,"loc":{"start":{"line":215,"column":4},"end":{"line":217,"column":4}}}},"statementMap":{"1":{"start":{"line":67,"column":8},"end":{"line":67,"column":22}},"2":{"start":{"line":68,"column":8},"end":{"line":68,"column":33}},"3":{"start":{"line":70,"column":8},"end":{"line":70,"column":37}},"4":{"start":{"line":71,"column":8},"end":{"line":71,"column":41}},"5":{"start":{"line":84,"column":8},"end":{"line":84,"column":34}},"6":{"start":{"line":85,"column":8},"end":{"line":85,"column":54}},"7":{"start":{"line":86,"column":8},"end":{"line":86,"column":42}},"8":{"start":{"line":87,"column":8},"end":{"line":87,"column":24}},"9":{"start":{"line":88,"column":8},"end":{"line":88,"column":2785}},"10":{"start":{"line":89,"column":12},"end":{"line":89,"column":2838}},"11":{"start":{"line":95,"column":12},"end":{"line":95,"column":40}},"12":{"start":{"line":97,"column":12},"end":{"line":97,"column":3107}},"13":{"start":{"line":103,"column":12},"end":{"line":103,"column":38}},"14":{"start":{"line":106,"column":8},"end":{"line":106,"column":47}},"15":{"start":{"line":108,"column":8},"end":{"line":108,"column":3431}},"16":{"start":{"line":114,"column":8},"end":{"line":114,"column":51}},"17":{"start":{"line":117,"column":8},"end":{"line":117,"column":3655}},"18":{"start":{"line":118,"column":12},"end":{"line":118,"column":3707}},"19":{"start":{"line":129,"column":12},"end":{"line":129,"column":4010}},"20":{"start":{"line":140,"column":8},"end":{"line":140,"column":50}},"21":{"start":{"line":143,"column":8},"end":{"line":143,"column":4370}},"22":{"start":{"line":151,"column":8},"end":{"line":151,"column":61}},"23":{"start":{"line":161,"column":8},"end":{"line":161,"column":41}},"24":{"start":{"line":162,"column":8},"end":{"line":162,"column":52}},"25":{"start":{"line":164,"column":8},"end":{"line":164,"column":74}},"26":{"start":{"line":174,"column":8},"end":{"line":174,"column":45}},"27":{"start":{"line":175,"column":8},"end":{"line":175,"column":58}},"28":{"start":{"line":177,"column":8},"end":{"line":177,"column":78}},"29":{"start":{"line":206,"column":8},"end":{"line":206,"column":56}},"30":{"start":{"line":212,"column":8},"end":{"line":212,"column":46}},"31":{"start":{"line":216,"column":8},"end":{"line":216,"column":40}}},"branchMap":{"1":{"line":88,"type":"if","locations":[{"start":{"line":88,"column":8},"end":{"line":88,"column":8}},{"start":{"line":88,"column":8},"end":{"line":88,"column":8}}]},"2":{"line":117,"type":"if","locations":[{"start":{"line":117,"column":8},"end":{"line":117,"column":8}},{"start":{"line":117,"column":8},"end":{"line":117,"column":8}}]}}},"contracts/Auction/DutchAuction.sol":{"l":{"41":28,"42":28,"43":28,"44":28,"45":28,"46":28,"47":28,"48":28,"49":28,"62":11,"63":11,"64":11,"68":2,"69":1,"76":1,"78":2,"82":5,"83":4,"84":3,"85":2,"87":2,"94":2,"96":2,"103":2,"117":1},"path":"/home/ntqsang/WORK/Coupon-Smart-Contract/contracts/Auction/DutchAuction.sol","s":{"1":28,"2":28,"3":28,"4":28,"5":28,"6":28,"7":28,"8":28,"9":28,"10":11,"11":11,"12":11,"13":2,"14":1,"15":1,"16":2,"17":5,"18":4,"19":3,"20":2,"21":2,"22":2,"23":2,"24":2,"25":1},"b":{"1":[1,1],"2":[4,1],"3":[3,1],"4":[2,1]},"f":{"1":28,"2":11,"3":2,"4":5,"5":1},"fnMap":{"1":{"name":"initialize","line":40,"loc":{"start":{"line":31,"column":4},"end":{"line":59,"column":4}}},"2":{"name":"getPrice","line":61,"loc":{"start":{"line":61,"column":4},"end":{"line":65,"column":4}}},"3":{"name":"withdraw","line":67,"loc":{"start":{"line":67,"column":4},"end":{"line":79,"column":4}}},"4":{"name":"buy","line":81,"loc":{"start":{"line":81,"column":4},"end":{"line":104,"column":4}}},"5":{"name":"onERC721Received","line":111,"loc":{"start":{"line":111,"column":4},"end":{"line":118,"column":4}}}},"statementMap":{"1":{"start":{"line":41,"column":8},"end":{"line":41,"column":42}},"2":{"start":{"line":42,"column":8},"end":{"line":42,"column":32}},"3":{"start":{"line":43,"column":8},"end":{"line":43,"column":29}},"4":{"start":{"line":44,"column":8},"end":{"line":44,"column":25}},"5":{"start":{"line":45,"column":8},"end":{"line":45,"column":23}},"6":{"start":{"line":46,"column":8},"end":{"line":46,"column":23}},"7":{"start":{"line":47,"column":8},"end":{"line":47,"column":35}},"8":{"start":{"line":48,"column":8},"end":{"line":48,"column":35}},"9":{"start":{"line":49,"column":8},"end":{"line":49,"column":35}},"10":{"start":{"line":62,"column":8},"end":{"line":62,"column":57}},"11":{"start":{"line":63,"column":8},"end":{"line":63,"column":53}},"12":{"start":{"line":64,"column":8},"end":{"line":64,"column":39}},"13":{"start":{"line":68,"column":8},"end":{"line":68,"column":2166}},"14":{"start":{"line":69,"column":12},"end":{"line":69,"column":2197}},"15":{"start":{"line":76,"column":12},"end":{"line":76,"column":73}},"16":{"start":{"line":78,"column":8},"end":{"line":78,"column":21}},"17":{"start":{"line":82,"column":8},"end":{"line":82,"column":59}},"18":{"start":{"line":83,"column":8},"end":{"line":83,"column":50}},"19":{"start":{"line":84,"column":8},"end":{"line":84,"column":53}},"20":{"start":{"line":85,"column":8},"end":{"line":85,"column":21}},"21":{"start":{"line":87,"column":8},"end":{"line":87,"column":2758}},"22":{"start":{"line":94,"column":8},"end":{"line":94,"column":69}},"23":{"start":{"line":96,"column":8},"end":{"line":96,"column":2980}},"24":{"start":{"line":103,"column":8},"end":{"line":103,"column":45}},"25":{"start":{"line":117,"column":8},"end":{"line":117,"column":45}}},"branchMap":{"1":{"line":68,"type":"if","locations":[{"start":{"line":68,"column":8},"end":{"line":68,"column":8}},{"start":{"line":68,"column":8},"end":{"line":68,"column":8}}]},"2":{"line":82,"type":"if","locations":[{"start":{"line":82,"column":8},"end":{"line":82,"column":8}},{"start":{"line":82,"column":8},"end":{"line":82,"column":8}}]},"3":{"line":83,"type":"if","locations":[{"start":{"line":83,"column":8},"end":{"line":83,"column":8}},{"start":{"line":83,"column":8},"end":{"line":83,"column":8}}]},"4":{"line":84,"type":"if","locations":[{"start":{"line":84,"column":8},"end":{"line":84,"column":8}},{"start":{"line":84,"column":8},"end":{"line":84,"column":8}}]}}},"contracts/Auction/EnglishAuction.sol":{"l":{"49":40,"50":40,"51":40,"52":40,"53":40,"54":40,"55":40,"56":40,"69":9,"70":8,"72":6,"74":4,"76":4,"77":4,"79":4,"86":4,"90":3,"94":2,"95":2,"97":2,"104":2,"108":5,"109":4,"111":3,"113":3,"114":1,"115":1,"122":2,"125":3,"139":1},"path":"/home/ntqsang/WORK/Coupon-Smart-Contract/contracts/Auction/EnglishAuction.sol","s":{"1":40,"2":40,"3":40,"4":40,"5":40,"6":40,"7":40,"8":40,"9":9,"10":8,"11":6,"12":4,"13":4,"14":4,"15":4,"16":4,"17":3,"18":2,"19":2,"20":2,"21":2,"22":5,"23":4,"24":3,"25":3,"26":1,"27":1,"28":2,"29":3,"30":1},"b":{"1":[8,1],"2":[6,2],"3":[4,2],"4":[2,1],"5":[4,1],"6":[3,1],"7":[1,2]},"f":{"1":40,"2":9,"3":3,"4":5,"5":1},"fnMap":{"1":{"name":"initialize","line":48,"loc":{"start":{"line":40,"column":4},"end":{"line":66,"column":4}}},"2":{"name":"bid","line":68,"loc":{"start":{"line":68,"column":4},"end":{"line":87,"column":4}}},"3":{"name":"withdraw","line":89,"loc":{"start":{"line":89,"column":4},"end":{"line":105,"column":4}}},"4":{"name":"end","line":107,"loc":{"start":{"line":107,"column":4},"end":{"line":126,"column":4}}},"5":{"name":"onERC721Received","line":133,"loc":{"start":{"line":133,"column":4},"end":{"line":140,"column":4}}}},"statementMap":{"1":{"start":{"line":49,"column":8},"end":{"line":49,"column":42}},"2":{"start":{"line":50,"column":8},"end":{"line":50,"column":32}},"3":{"start":{"line":51,"column":8},"end":{"line":51,"column":32}},"4":{"start":{"line":52,"column":8},"end":{"line":52,"column":29}},"5":{"start":{"line":53,"column":8},"end":{"line":53,"column":25}},"6":{"start":{"line":54,"column":8},"end":{"line":54,"column":23}},"7":{"start":{"line":55,"column":8},"end":{"line":55,"column":23}},"8":{"start":{"line":56,"column":8},"end":{"line":56,"column":35}},"9":{"start":{"line":69,"column":8},"end":{"line":69,"column":59}},"10":{"start":{"line":70,"column":8},"end":{"line":70,"column":62}},"11":{"start":{"line":72,"column":8},"end":{"line":72,"column":76}},"12":{"start":{"line":74,"column":8},"end":{"line":74,"column":35}},"13":{"start":{"line":76,"column":8},"end":{"line":76,"column":48}},"14":{"start":{"line":77,"column":8},"end":{"line":77,"column":39}},"15":{"start":{"line":79,"column":8},"end":{"line":79,"column":2451}},"16":{"start":{"line":86,"column":8},"end":{"line":86,"column":38}},"17":{"start":{"line":90,"column":8},"end":{"line":90,"column":2695}},"18":{"start":{"line":94,"column":8},"end":{"line":94,"column":44}},"19":{"start":{"line":95,"column":8},"end":{"line":95,"column":29}},"20":{"start":{"line":97,"column":8},"end":{"line":97,"column":2891}},"21":{"start":{"line":104,"column":8},"end":{"line":104,"column":44}},"22":{"start":{"line":108,"column":8},"end":{"line":108,"column":59}},"23":{"start":{"line":109,"column":8},"end":{"line":109,"column":50}},"24":{"start":{"line":111,"column":8},"end":{"line":111,"column":21}},"25":{"start":{"line":113,"column":8},"end":{"line":113,"column":3275}},"26":{"start":{"line":114,"column":12},"end":{"line":114,"column":74}},"27":{"start":{"line":115,"column":12},"end":{"line":115,"column":3403}},"28":{"start":{"line":122,"column":12},"end":{"line":122,"column":73}},"29":{"start":{"line":125,"column":8},"end":{"line":125,"column":43}},"30":{"start":{"line":139,"column":8},"end":{"line":139,"column":45}}},"branchMap":{"1":{"line":69,"type":"if","locations":[{"start":{"line":69,"column":8},"end":{"line":69,"column":8}},{"start":{"line":69,"column":8},"end":{"line":69,"column":8}}]},"2":{"line":70,"type":"if","locations":[{"start":{"line":70,"column":8},"end":{"line":70,"column":8}},{"start":{"line":70,"column":8},"end":{"line":70,"column":8}}]},"3":{"line":72,"type":"if","locations":[{"start":{"line":72,"column":8},"end":{"line":72,"column":8}},{"start":{"line":72,"column":8},"end":{"line":72,"column":8}}]},"4":{"line":90,"type":"if","locations":[{"start":{"line":90,"column":8},"end":{"line":90,"column":8}},{"start":{"line":90,"column":8},"end":{"line":90,"column":8}}]},"5":{"line":108,"type":"if","locations":[{"start":{"line":108,"column":8},"end":{"line":108,"column":8}},{"start":{"line":108,"column":8},"end":{"line":108,"column":8}}]},"6":{"line":109,"type":"if","locations":[{"start":{"line":109,"column":8},"end":{"line":109,"column":8}},{"start":{"line":109,"column":8},"end":{"line":109,"column":8}}]},"7":{"line":113,"type":"if","locations":[{"start":{"line":113,"column":8},"end":{"line":113,"column":8}},{"start":{"line":113,"column":8},"end":{"line":113,"column":8}}]}}},"contracts/Collection/CollectionFactory.sol":{"l":{"81":62,"82":62,"84":60,"85":60,"86":60,"88":60,"89":60,"99":4,"100":2,"103":4,"107":3,"108":3,"109":3,"110":3,"113":3,"116":3,"118":3,"124":3,"127":3,"139":3,"141":3,"157":3,"158":2,"159":2,"160":2,"168":2,"169":1,"170":1,"171":1,"182":2,"183":1,"184":1,"185":1,"202":1,"203":1,"205":1,"237":1,"238":1,"240":1,"247":1,"253":2,"257":2},"path":"/home/ntqsang/WORK/Coupon-Smart-Contract/contracts/Collection/CollectionFactory.sol","s":{"1":62,"2":62,"3":60,"4":60,"5":60,"6":60,"7":60,"8":4,"9":2,"10":4,"11":3,"12":3,"13":3,"14":3,"15":3,"16":3,"17":3,"18":3,"19":3,"20":3,"21":3,"22":3,"23":2,"24":2,"25":2,"26":2,"27":1,"28":1,"29":1,"30":2,"31":1,"32":1,"33":1,"34":1,"35":1,"36":1,"37":1,"38":1,"39":1,"40":1,"41":2,"42":2},"b":{"1":[2,2]},"f":{"1":62,"2":4,"3":3,"4":2,"5":2,"6":1,"7":1,"8":1,"9":2,"10":2},"fnMap":{"1":{"name":"initialize","line":80,"loc":{"start":{"line":75,"column":4},"end":{"line":90,"column":4}}},"2":{"name":"create","line":98,"loc":{"start":{"line":92,"column":4},"end":{"line":150,"column":4}}},"3":{"name":"setMaxCollection","line":156,"loc":{"start":{"line":156,"column":4},"end":{"line":161,"column":4}}},"4":{"name":"setMaxTotalSuply","line":167,"loc":{"start":{"line":167,"column":4},"end":{"line":172,"column":4}}},"5":{"name":"setMaxCollectionOfUser","line":181,"loc":{"start":{"line":178,"column":4},"end":{"line":186,"column":4}}},"6":{"name":"setTemplateAddress","line":200,"loc":{"start":{"line":193,"column":4},"end":{"line":206,"column":4}}},"7":{"name":"setNFTManager","line":236,"loc":{"start":{"line":234,"column":4},"end":{"line":241,"column":4}}},"8":{"name":"checkCollectionOfUser","line":243,"loc":{"start":{"line":243,"column":4},"end":{"line":248,"column":4}}},"9":{"name":"getCollectionByUser","line":250,"loc":{"start":{"line":250,"column":4},"end":{"line":254,"column":4}}},"10":{"name":"getCollectionLength","line":256,"loc":{"start":{"line":256,"column":4},"end":{"line":258,"column":4}}}},"statementMap":{"1":{"start":{"line":81,"column":8},"end":{"line":81,"column":22}},"2":{"start":{"line":82,"column":8},"end":{"line":82,"column":33}},"3":{"start":{"line":84,"column":8},"end":{"line":84,"column":39}},"4":{"start":{"line":85,"column":8},"end":{"line":85,"column":41}},"5":{"start":{"line":86,"column":8},"end":{"line":86,"column":44}},"6":{"start":{"line":88,"column":8},"end":{"line":88,"column":24}},"7":{"start":{"line":89,"column":8},"end":{"line":89,"column":27}},"8":{"start":{"line":99,"column":8},"end":{"line":99,"column":3384}},"9":{"start":{"line":100,"column":12},"end":{"line":100,"column":61}},"10":{"start":{"line":103,"column":8},"end":{"line":103,"column":3514}},"11":{"start":{"line":107,"column":8},"end":{"line":107,"column":37}},"12":{"start":{"line":108,"column":8},"end":{"line":108,"column":57}},"13":{"start":{"line":109,"column":8},"end":{"line":109,"column":42}},"14":{"start":{"line":110,"column":8},"end":{"line":110,"column":3854}},"15":{"start":{"line":113,"column":8},"end":{"line":113,"column":3965}},"16":{"start":{"line":116,"column":8},"end":{"line":116,"column":62}},"17":{"start":{"line":118,"column":8},"end":{"line":118,"column":4180}},"18":{"start":{"line":124,"column":8},"end":{"line":124,"column":58}},"19":{"start":{"line":127,"column":8},"end":{"line":127,"column":4430}},"20":{"start":{"line":139,"column":8},"end":{"line":139,"column":72}},"21":{"start":{"line":141,"column":8},"end":{"line":141,"column":4792}},"22":{"start":{"line":157,"column":8},"end":{"line":157,"column":49}},"23":{"start":{"line":158,"column":8},"end":{"line":158,"column":41}},"24":{"start":{"line":159,"column":8},"end":{"line":159,"column":32}},"25":{"start":{"line":160,"column":8},"end":{"line":160,"column":55}},"26":{"start":{"line":168,"column":8},"end":{"line":168,"column":50}},"27":{"start":{"line":169,"column":8},"end":{"line":169,"column":42}},"28":{"start":{"line":170,"column":8},"end":{"line":170,"column":33}},"29":{"start":{"line":171,"column":8},"end":{"line":171,"column":56}},"30":{"start":{"line":182,"column":8},"end":{"line":182,"column":55}},"31":{"start":{"line":183,"column":8},"end":{"line":183,"column":55}},"32":{"start":{"line":184,"column":8},"end":{"line":184,"column":46}},"33":{"start":{"line":185,"column":8},"end":{"line":185,"column":57}},"34":{"start":{"line":202,"column":8},"end":{"line":202,"column":52}},"35":{"start":{"line":203,"column":8},"end":{"line":203,"column":54}},"36":{"start":{"line":205,"column":8},"end":{"line":205,"column":66}},"37":{"start":{"line":237,"column":8},"end":{"line":237,"column":49}},"38":{"start":{"line":238,"column":8},"end":{"line":238,"column":31}},"39":{"start":{"line":240,"column":8},"end":{"line":240,"column":61}},"40":{"start":{"line":247,"column":8},"end":{"line":247,"column":62}},"41":{"start":{"line":253,"column":8},"end":{"line":253,"column":56}},"42":{"start":{"line":257,"column":8},"end":{"line":257,"column":43}}},"branchMap":{"1":{"line":99,"type":"if","locations":[{"start":{"line":99,"column":8},"end":{"line":99,"column":8}},{"start":{"line":99,"column":8},"end":{"line":99,"column":8}}]}}},"contracts/Collection/TokenERC1155.sol":{"l":{"73":90,"75":90,"76":89,"77":89,"78":89,"79":89,"80":89,"82":89,"86":4,"87":1,"89":3,"96":1,"109":104,"110":104,"111":104,"112":103,"114":103,"116":103,"124":4,"125":4,"126":1,"129":3,"131":3,"135":3,"136":3,"137":5,"138":4,"139":4,"140":4,"141":4,"143":4,"145":1,"153":4,"154":3,"155":3,"156":3,"168":3,"177":1,"197":2,"206":3},"path":"/home/ntqsang/WORK/Coupon-Smart-Contract/contracts/Collection/TokenERC1155.sol","s":{"1":90,"2":90,"3":89,"4":89,"5":89,"6":89,"7":89,"8":89,"9":4,"10":1,"11":104,"12":104,"13":104,"14":103,"15":103,"16":103,"17":4,"18":4,"19":3,"20":3,"21":3,"22":3,"23":5,"24":4,"25":4,"26":4,"27":4,"28":4,"29":1,"30":4,"31":3,"32":3,"33":3,"34":3,"35":1,"36":2,"37":3},"b":{"1":[1,3],"2":[1,3]},"f":{"1":90,"2":4,"3":1,"4":104,"5":4,"6":4,"7":3,"8":1,"9":2,"10":3},"fnMap":{"1":{"name":"initialize","line":72,"loc":{"start":{"line":65,"column":4},"end":{"line":83,"column":4}}},"2":{"name":"onlyFactory","line":85,"loc":{"start":{"line":85,"column":4},"end":{"line":90,"column":4}}},"3":{"name":"setURI","line":95,"loc":{"start":{"line":95,"column":4},"end":{"line":97,"column":4}}},"4":{"name":"mint","line":108,"loc":{"start":{"line":104,"column":4},"end":{"line":117,"column":4}}},"5":{"name":"mintBatch","line":123,"loc":{"start":{"line":119,"column":4},"end":{"line":146,"column":4}}},"6":{"name":"setMaxBatch","line":152,"loc":{"start":{"line":152,"column":4},"end":{"line":157,"column":4}}},"7":{"name":"setAdminByFactory","line":167,"loc":{"start":{"line":164,"column":4},"end":{"line":169,"column":4}}},"8":{"name":"getTokenCounter","line":176,"loc":{"start":{"line":176,"column":4},"end":{"line":178,"column":4}}},"9":{"name":"supportsInterface","line":188,"loc":{"start":{"line":188,"column":4},"end":{"line":200,"column":4}}},"10":{"name":"uri","line":205,"loc":{"start":{"line":205,"column":4},"end":{"line":207,"column":4}}}},"statementMap":{"1":{"start":{"line":73,"column":8},"end":{"line":73,"column":25}},"2":{"start":{"line":75,"column":8},"end":{"line":75,"column":32}},"3":{"start":{"line":76,"column":8},"end":{"line":76,"column":29}},"4":{"start":{"line":77,"column":8},"end":{"line":77,"column":19}},"5":{"start":{"line":78,"column":8},"end":{"line":78,"column":23}},"6":{"start":{"line":79,"column":8},"end":{"line":79,"column":21}},"7":{"start":{"line":80,"column":8},"end":{"line":80,"column":35}},"8":{"start":{"line":82,"column":8},"end":{"line":82,"column":58}},"9":{"start":{"line":86,"column":8},"end":{"line":86,"column":2585}},"10":{"start":{"line":96,"column":8},"end":{"line":96,"column":29}},"11":{"start":{"line":109,"column":8},"end":{"line":109,"column":32}},"12":{"start":{"line":110,"column":8},"end":{"line":110,"column":50}},"13":{"start":{"line":111,"column":8},"end":{"line":111,"column":68}},"14":{"start":{"line":112,"column":8},"end":{"line":112,"column":31}},"15":{"start":{"line":114,"column":8},"end":{"line":114,"column":46}},"16":{"start":{"line":116,"column":8},"end":{"line":116,"column":40}},"17":{"start":{"line":124,"column":8},"end":{"line":124,"column":61}},"18":{"start":{"line":125,"column":8},"end":{"line":125,"column":3709}},"19":{"start":{"line":129,"column":8},"end":{"line":129,"column":50}},"20":{"start":{"line":131,"column":8},"end":{"line":131,"column":3871}},"21":{"start":{"line":135,"column":8},"end":{"line":135,"column":67}},"22":{"start":{"line":136,"column":8},"end":{"line":136,"column":4063}},"23":{"start":{"line":137,"column":12},"end":{"line":137,"column":53}},"24":{"start":{"line":138,"column":12},"end":{"line":138,"column":36}},"25":{"start":{"line":139,"column":12},"end":{"line":139,"column":45}},"26":{"start":{"line":140,"column":12},"end":{"line":140,"column":35}},"27":{"start":{"line":141,"column":12},"end":{"line":141,"column":34}},"28":{"start":{"line":143,"column":12},"end":{"line":143,"column":54}},"29":{"start":{"line":145,"column":8},"end":{"line":145,"column":60}},"30":{"start":{"line":153,"column":8},"end":{"line":153,"column":44}},"31":{"start":{"line":154,"column":8},"end":{"line":154,"column":38}},"32":{"start":{"line":155,"column":8},"end":{"line":155,"column":27}},"33":{"start":{"line":156,"column":8},"end":{"line":156,"column":48}},"34":{"start":{"line":168,"column":8},"end":{"line":168,"column":31}},"35":{"start":{"line":177,"column":8},"end":{"line":177,"column":38}},"36":{"start":{"line":197,"column":8},"end":{"line":197,"column":5925}},"37":{"start":{"line":206,"column":8},"end":{"line":206,"column":28}}},"branchMap":{"1":{"line":86,"type":"if","locations":[{"start":{"line":86,"column":8},"end":{"line":86,"column":8}},{"start":{"line":86,"column":8},"end":{"line":86,"column":8}}]},"2":{"line":125,"type":"if","locations":[{"start":{"line":125,"column":8},"end":{"line":125,"column":8}},{"start":{"line":125,"column":8},"end":{"line":125,"column":8}}]}}},"contracts/Collection/TokenERC721.sol":{"l":{"70":145,"71":145,"72":145,"74":145,"75":144,"76":144,"77":144,"79":144,"83":4,"84":1,"86":3,"98":204,"99":203,"100":203,"101":203,"103":203,"105":203,"112":5,"113":4,"117":3,"119":3,"120":104,"121":104,"122":104,"123":104,"125":104,"127":2,"134":5,"135":3,"139":2,"141":2,"142":4,"143":4,"144":4,"146":4,"148":1,"158":1,"166":4,"167":3,"168":3,"169":3,"181":3,"190":1,"215":4,"216":1,"219":3,"243":1},"path":"/home/ntqsang/WORK/Coupon-Smart-Contract/contracts/Collection/TokenERC721.sol","s":{"1":145,"2":145,"3":145,"4":145,"5":144,"6":144,"7":144,"8":144,"9":4,"10":204,"11":203,"12":203,"13":203,"14":203,"15":203,"16":5,"17":4,"18":3,"19":3,"20":104,"21":104,"22":104,"23":104,"24":104,"25":2,"26":5,"27":3,"28":2,"29":2,"30":4,"31":4,"32":4,"33":4,"34":1,"35":1,"36":4,"37":3,"38":3,"39":3,"40":3,"41":1,"42":4,"43":3,"44":1},"b":{"1":[1,3],"2":[1,3]},"f":{"1":145,"2":4,"3":204,"4":5,"5":5,"6":1,"7":4,"8":3,"9":1,"10":4,"11":1},"fnMap":{"1":{"name":"initialize","line":69,"loc":{"start":{"line":62,"column":4},"end":{"line":80,"column":4}}},"2":{"name":"onlyFactory","line":82,"loc":{"start":{"line":82,"column":4},"end":{"line":87,"column":4}}},"3":{"name":"mint","line":97,"loc":{"start":{"line":94,"column":4},"end":{"line":106,"column":4}}},"4":{"name":"mintBatchWithUri","line":111,"loc":{"start":{"line":108,"column":4},"end":{"line":128,"column":4}}},"5":{"name":"mintBatch","line":133,"loc":{"start":{"line":130,"column":4},"end":{"line":149,"column":4}}},"6":{"name":"setTokenURI","line":157,"loc":{"start":{"line":154,"column":4},"end":{"line":159,"column":4}}},"7":{"name":"setMaxBatch","line":165,"loc":{"start":{"line":165,"column":4},"end":{"line":170,"column":4}}},"8":{"name":"setAdminByFactory","line":180,"loc":{"start":{"line":177,"column":4},"end":{"line":182,"column":4}}},"9":{"name":"getTokenCounter","line":189,"loc":{"start":{"line":189,"column":4},"end":{"line":191,"column":4}}},"10":{"name":"tokenURI","line":212,"loc":{"start":{"line":212,"column":4},"end":{"line":220,"column":4}}},"11":{"name":"supportsInterface","line":230,"loc":{"start":{"line":230,"column":4},"end":{"line":246,"column":4}}}},"statementMap":{"1":{"start":{"line":70,"column":8},"end":{"line":70,"column":25}},"2":{"start":{"line":71,"column":8},"end":{"line":71,"column":31}},"3":{"start":{"line":72,"column":8},"end":{"line":72,"column":36}},"4":{"start":{"line":74,"column":8},"end":{"line":74,"column":32}},"5":{"start":{"line":75,"column":8},"end":{"line":75,"column":29}},"6":{"start":{"line":76,"column":8},"end":{"line":76,"column":35}},"7":{"start":{"line":77,"column":8},"end":{"line":77,"column":21}},"8":{"start":{"line":79,"column":8},"end":{"line":79,"column":58}},"9":{"start":{"line":83,"column":8},"end":{"line":83,"column":2621}},"10":{"start":{"line":98,"column":8},"end":{"line":98,"column":77}},"11":{"start":{"line":99,"column":8},"end":{"line":99,"column":32}},"12":{"start":{"line":100,"column":8},"end":{"line":100,"column":50}},"13":{"start":{"line":101,"column":8},"end":{"line":101,"column":28}},"14":{"start":{"line":103,"column":8},"end":{"line":103,"column":33}},"15":{"start":{"line":105,"column":8},"end":{"line":105,"column":40}},"16":{"start":{"line":112,"column":8},"end":{"line":112,"column":58}},"17":{"start":{"line":113,"column":8},"end":{"line":113,"column":3476}},"18":{"start":{"line":117,"column":8},"end":{"line":117,"column":64}},"19":{"start":{"line":119,"column":8},"end":{"line":119,"column":3668}},"20":{"start":{"line":120,"column":12},"end":{"line":120,"column":36}},"21":{"start":{"line":121,"column":12},"end":{"line":121,"column":54}},"22":{"start":{"line":122,"column":12},"end":{"line":122,"column":36}},"23":{"start":{"line":123,"column":12},"end":{"line":123,"column":34}},"24":{"start":{"line":125,"column":12},"end":{"line":125,"column":41}},"25":{"start":{"line":127,"column":8},"end":{"line":127,"column":58}},"26":{"start":{"line":134,"column":8},"end":{"line":134,"column":52}},"27":{"start":{"line":135,"column":8},"end":{"line":135,"column":4192}},"28":{"start":{"line":139,"column":8},"end":{"line":139,"column":58}},"29":{"start":{"line":141,"column":8},"end":{"line":141,"column":4372}},"30":{"start":{"line":142,"column":12},"end":{"line":142,"column":36}},"31":{"start":{"line":143,"column":12},"end":{"line":143,"column":54}},"32":{"start":{"line":144,"column":12},"end":{"line":144,"column":34}},"33":{"start":{"line":146,"column":12},"end":{"line":146,"column":41}},"34":{"start":{"line":148,"column":8},"end":{"line":148,"column":44}},"35":{"start":{"line":158,"column":8},"end":{"line":158,"column":29}},"36":{"start":{"line":166,"column":8},"end":{"line":166,"column":44}},"37":{"start":{"line":167,"column":8},"end":{"line":167,"column":38}},"38":{"start":{"line":168,"column":8},"end":{"line":168,"column":27}},"39":{"start":{"line":169,"column":8},"end":{"line":169,"column":48}},"40":{"start":{"line":181,"column":8},"end":{"line":181,"column":31}},"41":{"start":{"line":190,"column":8},"end":{"line":190,"column":38}},"42":{"start":{"line":215,"column":8},"end":{"line":215,"column":6387}},"43":{"start":{"line":219,"column":8},"end":{"line":219,"column":28}},"44":{"start":{"line":243,"column":8},"end":{"line":243,"column":7179}}},"branchMap":{"1":{"line":83,"type":"if","locations":[{"start":{"line":83,"column":8},"end":{"line":83,"column":8}},{"start":{"line":83,"column":8},"end":{"line":83,"column":8}}]},"2":{"line":215,"type":"if","locations":[{"start":{"line":215,"column":8},"end":{"line":215,"column":8}},{"start":{"line":215,"column":8},"end":{"line":215,"column":8}}]}}},"contracts/interfaces/Auction/IAuctionFactory.sol":{"l":{},"path":"/home/ntqsang/WORK/Coupon-Smart-Contract/contracts/interfaces/Auction/IAuctionFactory.sol","s":{},"b":{},"f":{},"fnMap":{},"statementMap":{},"branchMap":{}},"contracts/interfaces/Auction/IDutchAuction.sol":{"l":{},"path":"/home/ntqsang/WORK/Coupon-Smart-Contract/contracts/interfaces/Auction/IDutchAuction.sol","s":{},"b":{},"f":{},"fnMap":{},"statementMap":{},"branchMap":{}},"contracts/interfaces/Auction/IEnglishAuction.sol":{"l":{},"path":"/home/ntqsang/WORK/Coupon-Smart-Contract/contracts/interfaces/Auction/IEnglishAuction.sol","s":{},"b":{},"f":{},"fnMap":{},"statementMap":{},"branchMap":{}},"contracts/interfaces/Collection/ICollection.sol":{"l":{},"path":"/home/ntqsang/WORK/Coupon-Smart-Contract/contracts/interfaces/Collection/ICollection.sol","s":{},"b":{},"f":{},"fnMap":{},"statementMap":{},"branchMap":{}},"contracts/interfaces/Collection/ICollectionFactory.sol":{"l":{},"path":"/home/ntqsang/WORK/Coupon-Smart-Contract/contracts/interfaces/Collection/ICollectionFactory.sol","s":{},"b":{},"f":{},"fnMap":{},"statementMap":{},"branchMap":{}},"contracts/interfaces/Collection/ITokenERC1155.sol":{"l":{},"path":"/home/ntqsang/WORK/Coupon-Smart-Contract/contracts/interfaces/Collection/ITokenERC1155.sol","s":{},"b":{},"f":{},"fnMap":{},"statementMap":{},"branchMap":{}},"contracts/interfaces/Collection/ITokenERC721.sol":{"l":{},"path":"/home/ntqsang/WORK/Coupon-Smart-Contract/contracts/interfaces/Collection/ITokenERC721.sol","s":{},"b":{},"f":{},"fnMap":{},"statementMap":{},"branchMap":{}},"contracts/interfaces/IAdmin.sol":{"l":{},"path":"/home/ntqsang/WORK/Coupon-Smart-Contract/contracts/interfaces/IAdmin.sol","s":{},"b":{},"f":{},"fnMap":{},"statementMap":{},"branchMap":{}},"contracts/interfaces/ICMCG.sol":{"l":{},"path":"/home/ntqsang/WORK/Coupon-Smart-Contract/contracts/interfaces/ICMCG.sol","s":{},"b":{},"f":{},"fnMap":{},"statementMap":{},"branchMap":{}},"contracts/interfaces/IMarketplace.sol":{"l":{},"path":"/home/ntqsang/WORK/Coupon-Smart-Contract/contracts/interfaces/IMarketplace.sol","s":{},"b":{},"f":{},"fnMap":{},"statementMap":{},"branchMap":{}},"contracts/interfaces/INFTManager.sol":{"l":{},"path":"/home/ntqsang/WORK/Coupon-Smart-Contract/contracts/interfaces/INFTManager.sol","s":{},"b":{},"f":{},"fnMap":{},"statementMap":{},"branchMap":{}},"contracts/interfaces/IPancakeRouter.sol":{"l":{},"path":"/home/ntqsang/WORK/Coupon-Smart-Contract/contracts/interfaces/IPancakeRouter.sol","s":{},"b":{},"f":{},"fnMap":{},"statementMap":{},"branchMap":{}},"contracts/interfaces/IPoolFactory.sol":{"l":{},"path":"/home/ntqsang/WORK/Coupon-Smart-Contract/contracts/interfaces/IPoolFactory.sol","s":{},"b":{},"f":{},"fnMap":{},"statementMap":{},"branchMap":{}},"contracts/interfaces/IStakingPool.sol":{"l":{},"path":"/home/ntqsang/WORK/Coupon-Smart-Contract/contracts/interfaces/IStakingPool.sol","s":{},"b":{},"f":{},"fnMap":{},"statementMap":{},"branchMap":{}},"contracts/interfaces/ITokenMintERC1155.sol":{"l":{},"path":"/home/ntqsang/WORK/Coupon-Smart-Contract/contracts/interfaces/ITokenMintERC1155.sol","s":{},"b":{},"f":{},"fnMap":{},"statementMap":{},"branchMap":{}},"contracts/interfaces/ITokenMintERC721.sol":{"l":{},"path":"/home/ntqsang/WORK/Coupon-Smart-Contract/contracts/interfaces/ITokenMintERC721.sol","s":{},"b":{},"f":{},"fnMap":{},"statementMap":{},"branchMap":{}},"contracts/interfaces/ITreasury.sol":{"l":{},"path":"/home/ntqsang/WORK/Coupon-Smart-Contract/contracts/interfaces/ITreasury.sol","s":{},"b":{},"f":{},"fnMap":{},"statementMap":{},"branchMap":{}},"contracts/lib/ErrorHelper.sol":{"l":{"115":0,"116":0,"121":0,"122":0,"127":0,"128":0,"130":0,"134":0,"143":0,"144":0,"154":0,"157":0,"162":0,"163":0,"171":0,"172":0,"180":0,"181":0,"186":0,"187":0,"210":0,"211":0,"219":0,"220":0,"225":0,"226":0,"231":0,"232":0,"237":0,"238":0,"243":0,"244":0,"249":0,"250":0,"258":0,"259":0,"264":0,"265":0,"273":0,"274":0,"283":0,"284":0,"292":0,"293":2,"302":1,"305":2,"368":3,"369":3,"374":1,"375":3,"380":0,"381":0,"386":0,"387":4,"392":1,"393":0,"401":0,"402":0,"408":12,"409":3,"417":114,"418":3,"426":204,"427":1,"432":14,"433":3,"439":110,"440":2,"446":0,"447":0,"453":0,"454":0,"459":0,"460":0,"468":4,"471":1,"476":3,"477":1,"485":0,"486":0,"491":0,"492":0,"497":0,"498":0,"506":7,"507":1,"512":468,"513":0,"521":0,"525":0,"530":0,"531":0,"536":342,"537":11,"542":0,"543":0,"548":0,"549":0},"path":"/home/ntqsang/WORK/Coupon-Smart-Contract/contracts/lib/ErrorHelper.sol","s":{"1":0,"2":0,"3":0,"4":0,"5":0,"6":0,"7":0,"8":0,"9":0,"10":0,"11":0,"12":0,"13":0,"14":0,"15":0,"16":0,"17":0,"18":0,"19":0,"20":0,"21":0,"22":0,"23":1,"24":3,"25":1,"26":0,"27":0,"28":1,"29":0,"30":12,"31":114,"32":204,"33":14,"34":110,"35":0,"36":0,"37":0,"38":4,"39":3,"40":0,"41":0,"42":0,"43":7,"44":468,"45":0,"46":0,"47":342,"48":0,"49":0},"b":{"1":[0,0],"2":[0,0],"3":[0,0],"4":[0,0],"5":[0,0],"6":[0,0],"7":[0,0],"8":[0,0],"9":[0,0],"10":[0,0],"11":[0,0],"12":[0,0],"13":[0,0],"14":[0,0],"15":[0,0],"16":[0,0],"17":[0,0],"18":[0,0],"19":[0,0],"20":[0,0],"21":[0,0],"22":[0,2],"23":[1,2],"24":[1,5],"25":[2,3],"26":[3,0],"27":[0,4],"28":[3,0],"29":[0,0],"30":[3,9],"31":[3,111],"32":[1,203],"33":[3,11],"34":[2,108],"35":[0,0],"36":[0,0],"37":[0,0],"38":[1,3],"39":[1,2],"40":[0,0],"41":[0,0],"42":[0,0],"43":[1,6],"44":[0,468],"45":[0,0],"46":[0,0],"47":[11,331],"48":[0,0],"49":[0,0]},"f":{"1":0,"2":0,"3":0,"4":0,"5":0,"6":0,"7":0,"8":0,"9":0,"10":0,"11":0,"12":0,"13":0,"14":0,"15":0,"16":0,"17":0,"18":0,"19":0,"20":0,"21":0,"22":2,"23":4,"24":3,"25":3,"26":0,"27":4,"28":0,"29":12,"30":114,"31":204,"32":14,"33":110,"34":0,"35":0,"36":0,"37":4,"38":3,"39":0,"40":0,"41":0,"42":7,"43":468,"44":0,"45":0,"46":342,"47":0,"48":0},"fnMap":{"1":{"name":"_checkValidOrderTime","line":114,"loc":{"start":{"line":114,"column":4},"end":{"line":118,"column":4}}},"2":{"name":"_checkUserCanOffer","line":120,"loc":{"start":{"line":120,"column":4},"end":{"line":124,"column":4}}},"3":{"name":"_checkValidNFTAddress","line":126,"loc":{"start":{"line":126,"column":4},"end":{"line":136,"column":4}}},"4":{"name":"_checkValidOwnerOf721","line":138,"loc":{"start":{"line":138,"column":4},"end":{"line":146,"column":4}}},"5":{"name":"_checkValidOwnerOf1155","line":148,"loc":{"start":{"line":148,"column":4},"end":{"line":159,"column":4}}},"6":{"name":"_checkValidAmountOf721","line":161,"loc":{"start":{"line":161,"column":4},"end":{"line":165,"column":4}}},"7":{"name":"_checkCanUpdatePaymentToken","line":167,"loc":{"start":{"line":167,"column":4},"end":{"line":174,"column":4}}},"8":{"name":"_checkValidMarketItem","line":176,"loc":{"start":{"line":176,"column":4},"end":{"line":183,"column":4}}},"9":{"name":"_checkInOrderTime","line":185,"loc":{"start":{"line":185,"column":4},"end":{"line":189,"column":4}}},"10":{"name":"_checkIsSeller","line":209,"loc":{"start":{"line":209,"column":4},"end":{"line":213,"column":4}}},"11":{"name":"_checkAvailableOrder","line":215,"loc":{"start":{"line":215,"column":4},"end":{"line":222,"column":4}}},"12":{"name":"_checkInOrderTime","line":224,"loc":{"start":{"line":224,"column":4},"end":{"line":228,"column":4}}},"13":{"name":"_checkExpired","line":230,"loc":{"start":{"line":230,"column":4},"end":{"line":234,"column":4}}},"14":{"name":"_checkOwnerOfOrder","line":236,"loc":{"start":{"line":236,"column":4},"end":{"line":240,"column":4}}},"15":{"name":"_checkValidEndTime","line":242,"loc":{"start":{"line":242,"column":4},"end":{"line":246,"column":4}}},"16":{"name":"_checkExistToken","line":248,"loc":{"start":{"line":248,"column":4},"end":{"line":252,"column":4}}},"17":{"name":"_checkMarketItemInSelling","line":254,"loc":{"start":{"line":254,"column":4},"end":{"line":261,"column":4}}},"18":{"name":"_checkOwnerOfMarketItem","line":263,"loc":{"start":{"line":263,"column":4},"end":{"line":267,"column":4}}},"19":{"name":"_checkEqualPrice","line":269,"loc":{"start":{"line":269,"column":4},"end":{"line":276,"column":4}}},"20":{"name":"_checkPermittedPaymentToken","line":279,"loc":{"start":{"line":279,"column":4},"end":{"line":286,"column":4}}},"21":{"name":"_checkValidTimeForCreate","line":288,"loc":{"start":{"line":288,"column":4},"end":{"line":295,"column":4}}},"22":{"name":"_checkUserCreateCollection","line":298,"loc":{"start":{"line":298,"column":4},"end":{"line":307,"column":4}}},"23":{"name":"_checkMaxCollectionOfUser","line":367,"loc":{"start":{"line":367,"column":4},"end":{"line":371,"column":4}}},"24":{"name":"_checkMaxTotalSupply","line":373,"loc":{"start":{"line":373,"column":4},"end":{"line":377,"column":4}}},"25":{"name":"_checkMaxCollection","line":379,"loc":{"start":{"line":379,"column":4},"end":{"line":383,"column":4}}},"26":{"name":"_checkCloneCollection","line":385,"loc":{"start":{"line":385,"column":4},"end":{"line":389,"column":4}}},"27":{"name":"_checkCloneAuction","line":391,"loc":{"start":{"line":391,"column":4},"end":{"line":395,"column":4}}},"28":{"name":"_checkExceedMaxCollection","line":397,"loc":{"start":{"line":397,"column":4},"end":{"line":404,"column":4}}},"29":{"name":"_checkMaxBatch","line":407,"loc":{"start":{"line":407,"column":4},"end":{"line":411,"column":4}}},"30":{"name":"_checkExceedTotalSupply","line":413,"loc":{"start":{"line":413,"column":4},"end":{"line":420,"column":4}}},"31":{"name":"_checkExceedMintTotalSupply","line":422,"loc":{"start":{"line":422,"column":4},"end":{"line":429,"column":4}}},"32":{"name":"_checkEachBatch","line":431,"loc":{"start":{"line":431,"column":4},"end":{"line":435,"column":4}}},"33":{"name":"_checkValidAmount","line":438,"loc":{"start":{"line":438,"column":4},"end":{"line":442,"column":4}}},"34":{"name":"_checkValidClone","line":445,"loc":{"start":{"line":445,"column":4},"end":{"line":449,"column":4}}},"35":{"name":"_checkClaimTime","line":452,"loc":{"start":{"line":452,"column":4},"end":{"line":456,"column":4}}},"36":{"name":"_checkIsRequested","line":458,"loc":{"start":{"line":458,"column":4},"end":{"line":462,"column":4}}},"37":{"name":"_checkTimeForStake","line":464,"loc":{"start":{"line":464,"column":4},"end":{"line":473,"column":4}}},"38":{"name":"_checkUnstakeTime","line":475,"loc":{"start":{"line":475,"column":4},"end":{"line":479,"column":4}}},"39":{"name":"_checkMustRequested","line":481,"loc":{"start":{"line":481,"column":4},"end":{"line":488,"column":4}}},"40":{"name":"_checkAcceptRequested","line":490,"loc":{"start":{"line":490,"column":4},"end":{"line":494,"column":4}}},"41":{"name":"_checkExceed","line":496,"loc":{"start":{"line":496,"column":4},"end":{"line":500,"column":4}}},"42":{"name":"_checkEqualLength","line":502,"loc":{"start":{"line":502,"column":4},"end":{"line":509,"column":4}}},"43":{"name":"_checkAmountOfStake","line":511,"loc":{"start":{"line":511,"column":4},"end":{"line":515,"column":4}}},"44":{"name":"_checkAmountOfStake","line":517,"loc":{"start":{"line":517,"column":4},"end":{"line":527,"column":4}}},"45":{"name":"_checkAlreadyOwn","line":529,"loc":{"start":{"line":529,"column":4},"end":{"line":533,"column":4}}},"46":{"name":"_checkValidAddress","line":535,"loc":{"start":{"line":535,"column":4},"end":{"line":539,"column":4}}},"47":{"name":"_checkRegister","line":541,"loc":{"start":{"line":541,"column":4},"end":{"line":545,"column":4}}},"48":{"name":"_checkOwner","line":547,"loc":{"start":{"line":547,"column":4},"end":{"line":551,"column":4}}}},"statementMap":{"1":{"start":{"line":115,"column":8},"end":{"line":115,"column":4140}},"2":{"start":{"line":121,"column":8},"end":{"line":121,"column":4308}},"3":{"start":{"line":127,"column":8},"end":{"line":127,"column":4475}},"4":{"start":{"line":130,"column":8},"end":{"line":130,"column":4589}},"5":{"start":{"line":143,"column":8},"end":{"line":143,"column":4921}},"6":{"start":{"line":154,"column":8},"end":{"line":154,"column":5219}},"7":{"start":{"line":162,"column":8},"end":{"line":162,"column":5458}},"8":{"start":{"line":171,"column":8},"end":{"line":171,"column":5672}},"9":{"start":{"line":180,"column":8},"end":{"line":180,"column":5899}},"10":{"start":{"line":186,"column":8},"end":{"line":186,"column":6088}},"11":{"start":{"line":210,"column":8},"end":{"line":210,"column":6868}},"12":{"start":{"line":219,"column":8},"end":{"line":219,"column":7100}},"13":{"start":{"line":225,"column":8},"end":{"line":225,"column":7269}},"14":{"start":{"line":231,"column":8},"end":{"line":231,"column":7432}},"15":{"start":{"line":237,"column":8},"end":{"line":237,"column":7602}},"16":{"start":{"line":243,"column":8},"end":{"line":243,"column":7789}},"17":{"start":{"line":249,"column":8},"end":{"line":249,"column":7970}},"18":{"start":{"line":258,"column":8},"end":{"line":258,"column":8219}},"19":{"start":{"line":264,"column":8},"end":{"line":264,"column":8434}},"20":{"start":{"line":273,"column":8},"end":{"line":273,"column":8647}},"21":{"start":{"line":283,"column":8},"end":{"line":283,"column":8915}},"22":{"start":{"line":292,"column":8},"end":{"line":292,"column":9176}},"23":{"start":{"line":302,"column":8},"end":{"line":302,"column":9495}},"24":{"start":{"line":368,"column":8},"end":{"line":368,"column":11458}},"25":{"start":{"line":374,"column":8},"end":{"line":374,"column":11631}},"26":{"start":{"line":380,"column":8},"end":{"line":380,"column":11798}},"27":{"start":{"line":386,"column":8},"end":{"line":386,"column":11965}},"28":{"start":{"line":392,"column":8},"end":{"line":392,"column":12138}},"29":{"start":{"line":401,"column":8},"end":{"line":401,"column":12360}},"30":{"start":{"line":408,"column":8},"end":{"line":408,"column":12553}},"31":{"start":{"line":417,"column":8},"end":{"line":417,"column":12753}},"32":{"start":{"line":426,"column":8},"end":{"line":426,"column":12966}},"33":{"start":{"line":432,"column":8},"end":{"line":432,"column":13146}},"34":{"start":{"line":439,"column":8},"end":{"line":439,"column":13355}},"35":{"start":{"line":446,"column":8},"end":{"line":446,"column":13539}},"36":{"start":{"line":453,"column":8},"end":{"line":453,"column":13750}},"37":{"start":{"line":459,"column":8},"end":{"line":459,"column":13937}},"38":{"start":{"line":468,"column":8},"end":{"line":468,"column":14138}},"39":{"start":{"line":476,"column":8},"end":{"line":476,"column":14391}},"40":{"start":{"line":485,"column":8},"end":{"line":485,"column":14641}},"41":{"start":{"line":491,"column":8},"end":{"line":491,"column":14842}},"42":{"start":{"line":497,"column":8},"end":{"line":497,"column":15015}},"43":{"start":{"line":506,"column":8},"end":{"line":506,"column":15219}},"44":{"start":{"line":512,"column":8},"end":{"line":512,"column":15386}},"45":{"start":{"line":521,"column":8},"end":{"line":521,"column":15612}},"46":{"start":{"line":530,"column":8},"end":{"line":530,"column":15887}},"47":{"start":{"line":536,"column":8},"end":{"line":536,"column":16044}},"48":{"start":{"line":542,"column":8},"end":{"line":542,"column":16204}},"49":{"start":{"line":548,"column":8},"end":{"line":548,"column":16379}}},"branchMap":{"1":{"line":115,"type":"if","locations":[{"start":{"line":115,"column":8},"end":{"line":115,"column":8}},{"start":{"line":115,"column":8},"end":{"line":115,"column":8}}]},"2":{"line":121,"type":"if","locations":[{"start":{"line":121,"column":8},"end":{"line":121,"column":8}},{"start":{"line":121,"column":8},"end":{"line":121,"column":8}}]},"3":{"line":127,"type":"if","locations":[{"start":{"line":127,"column":8},"end":{"line":127,"column":8}},{"start":{"line":127,"column":8},"end":{"line":127,"column":8}}]},"4":{"line":130,"type":"if","locations":[{"start":{"line":130,"column":8},"end":{"line":130,"column":8}},{"start":{"line":130,"column":8},"end":{"line":130,"column":8}}]},"5":{"line":143,"type":"if","locations":[{"start":{"line":143,"column":8},"end":{"line":143,"column":8}},{"start":{"line":143,"column":8},"end":{"line":143,"column":8}}]},"6":{"line":154,"type":"if","locations":[{"start":{"line":154,"column":8},"end":{"line":154,"column":8}},{"start":{"line":154,"column":8},"end":{"line":154,"column":8}}]},"7":{"line":162,"type":"if","locations":[{"start":{"line":162,"column":8},"end":{"line":162,"column":8}},{"start":{"line":162,"column":8},"end":{"line":162,"column":8}}]},"8":{"line":171,"type":"if","locations":[{"start":{"line":171,"column":8},"end":{"line":171,"column":8}},{"start":{"line":171,"column":8},"end":{"line":171,"column":8}}]},"9":{"line":180,"type":"if","locations":[{"start":{"line":180,"column":8},"end":{"line":180,"column":8}},{"start":{"line":180,"column":8},"end":{"line":180,"column":8}}]},"10":{"line":186,"type":"if","locations":[{"start":{"line":186,"column":8},"end":{"line":186,"column":8}},{"start":{"line":186,"column":8},"end":{"line":186,"column":8}}]},"11":{"line":210,"type":"if","locations":[{"start":{"line":210,"column":8},"end":{"line":210,"column":8}},{"start":{"line":210,"column":8},"end":{"line":210,"column":8}}]},"12":{"line":219,"type":"if","locations":[{"start":{"line":219,"column":8},"end":{"line":219,"column":8}},{"start":{"line":219,"column":8},"end":{"line":219,"column":8}}]},"13":{"line":225,"type":"if","locations":[{"start":{"line":225,"column":8},"end":{"line":225,"column":8}},{"start":{"line":225,"column":8},"end":{"line":225,"column":8}}]},"14":{"line":231,"type":"if","locations":[{"start":{"line":231,"column":8},"end":{"line":231,"column":8}},{"start":{"line":231,"column":8},"end":{"line":231,"column":8}}]},"15":{"line":237,"type":"if","locations":[{"start":{"line":237,"column":8},"end":{"line":237,"column":8}},{"start":{"line":237,"column":8},"end":{"line":237,"column":8}}]},"16":{"line":243,"type":"if","locations":[{"start":{"line":243,"column":8},"end":{"line":243,"column":8}},{"start":{"line":243,"column":8},"end":{"line":243,"column":8}}]},"17":{"line":249,"type":"if","locations":[{"start":{"line":249,"column":8},"end":{"line":249,"column":8}},{"start":{"line":249,"column":8},"end":{"line":249,"column":8}}]},"18":{"line":258,"type":"if","locations":[{"start":{"line":258,"column":8},"end":{"line":258,"column":8}},{"start":{"line":258,"column":8},"end":{"line":258,"column":8}}]},"19":{"line":264,"type":"if","locations":[{"start":{"line":264,"column":8},"end":{"line":264,"column":8}},{"start":{"line":264,"column":8},"end":{"line":264,"column":8}}]},"20":{"line":273,"type":"if","locations":[{"start":{"line":273,"column":8},"end":{"line":273,"column":8}},{"start":{"line":273,"column":8},"end":{"line":273,"column":8}}]},"21":{"line":283,"type":"if","locations":[{"start":{"line":283,"column":8},"end":{"line":283,"column":8}},{"start":{"line":283,"column":8},"end":{"line":283,"column":8}}]},"22":{"line":292,"type":"if","locations":[{"start":{"line":292,"column":8},"end":{"line":292,"column":8}},{"start":{"line":292,"column":8},"end":{"line":292,"column":8}}]},"23":{"line":302,"type":"if","locations":[{"start":{"line":302,"column":8},"end":{"line":302,"column":8}},{"start":{"line":302,"column":8},"end":{"line":302,"column":8}}]},"24":{"line":368,"type":"if","locations":[{"start":{"line":368,"column":8},"end":{"line":368,"column":8}},{"start":{"line":368,"column":8},"end":{"line":368,"column":8}}]},"25":{"line":374,"type":"if","locations":[{"start":{"line":374,"column":8},"end":{"line":374,"column":8}},{"start":{"line":374,"column":8},"end":{"line":374,"column":8}}]},"26":{"line":380,"type":"if","locations":[{"start":{"line":380,"column":8},"end":{"line":380,"column":8}},{"start":{"line":380,"column":8},"end":{"line":380,"column":8}}]},"27":{"line":386,"type":"if","locations":[{"start":{"line":386,"column":8},"end":{"line":386,"column":8}},{"start":{"line":386,"column":8},"end":{"line":386,"column":8}}]},"28":{"line":392,"type":"if","locations":[{"start":{"line":392,"column":8},"end":{"line":392,"column":8}},{"start":{"line":392,"column":8},"end":{"line":392,"column":8}}]},"29":{"line":401,"type":"if","locations":[{"start":{"line":401,"column":8},"end":{"line":401,"column":8}},{"start":{"line":401,"column":8},"end":{"line":401,"column":8}}]},"30":{"line":408,"type":"if","locations":[{"start":{"line":408,"column":8},"end":{"line":408,"column":8}},{"start":{"line":408,"column":8},"end":{"line":408,"column":8}}]},"31":{"line":417,"type":"if","locations":[{"start":{"line":417,"column":8},"end":{"line":417,"column":8}},{"start":{"line":417,"column":8},"end":{"line":417,"column":8}}]},"32":{"line":426,"type":"if","locations":[{"start":{"line":426,"column":8},"end":{"line":426,"column":8}},{"start":{"line":426,"column":8},"end":{"line":426,"column":8}}]},"33":{"line":432,"type":"if","locations":[{"start":{"line":432,"column":8},"end":{"line":432,"column":8}},{"start":{"line":432,"column":8},"end":{"line":432,"column":8}}]},"34":{"line":439,"type":"if","locations":[{"start":{"line":439,"column":8},"end":{"line":439,"column":8}},{"start":{"line":439,"column":8},"end":{"line":439,"column":8}}]},"35":{"line":446,"type":"if","locations":[{"start":{"line":446,"column":8},"end":{"line":446,"column":8}},{"start":{"line":446,"column":8},"end":{"line":446,"column":8}}]},"36":{"line":453,"type":"if","locations":[{"start":{"line":453,"column":8},"end":{"line":453,"column":8}},{"start":{"line":453,"column":8},"end":{"line":453,"column":8}}]},"37":{"line":459,"type":"if","locations":[{"start":{"line":459,"column":8},"end":{"line":459,"column":8}},{"start":{"line":459,"column":8},"end":{"line":459,"column":8}}]},"38":{"line":468,"type":"if","locations":[{"start":{"line":468,"column":8},"end":{"line":468,"column":8}},{"start":{"line":468,"column":8},"end":{"line":468,"column":8}}]},"39":{"line":476,"type":"if","locations":[{"start":{"line":476,"column":8},"end":{"line":476,"column":8}},{"start":{"line":476,"column":8},"end":{"line":476,"column":8}}]},"40":{"line":485,"type":"if","locations":[{"start":{"line":485,"column":8},"end":{"line":485,"column":8}},{"start":{"line":485,"column":8},"end":{"line":485,"column":8}}]},"41":{"line":491,"type":"if","locations":[{"start":{"line":491,"column":8},"end":{"line":491,"column":8}},{"start":{"line":491,"column":8},"end":{"line":491,"column":8}}]},"42":{"line":497,"type":"if","locations":[{"start":{"line":497,"column":8},"end":{"line":497,"column":8}},{"start":{"line":497,"column":8},"end":{"line":497,"column":8}}]},"43":{"line":506,"type":"if","locations":[{"start":{"line":506,"column":8},"end":{"line":506,"column":8}},{"start":{"line":506,"column":8},"end":{"line":506,"column":8}}]},"44":{"line":512,"type":"if","locations":[{"start":{"line":512,"column":8},"end":{"line":512,"column":8}},{"start":{"line":512,"column":8},"end":{"line":512,"column":8}}]},"45":{"line":521,"type":"if","locations":[{"start":{"line":521,"column":8},"end":{"line":521,"column":8}},{"start":{"line":521,"column":8},"end":{"line":521,"column":8}}]},"46":{"line":530,"type":"if","locations":[{"start":{"line":530,"column":8},"end":{"line":530,"column":8}},{"start":{"line":530,"column":8},"end":{"line":530,"column":8}}]},"47":{"line":536,"type":"if","locations":[{"start":{"line":536,"column":8},"end":{"line":536,"column":8}},{"start":{"line":536,"column":8},"end":{"line":536,"column":8}}]},"48":{"line":542,"type":"if","locations":[{"start":{"line":542,"column":8},"end":{"line":542,"column":8}},{"start":{"line":542,"column":8},"end":{"line":542,"column":8}}]},"49":{"line":548,"type":"if","locations":[{"start":{"line":548,"column":8},"end":{"line":548,"column":8}},{"start":{"line":548,"column":8},"end":{"line":548,"column":8}}]}}},"contracts/lib/NFTHelper.sol":{"l":{"20":0,"27":2,"38":2,"45":0,"56":0,"67":0,"68":0,"70":0,"83":0,"84":0,"90":0,"107":0,"108":0,"109":0,"114":0},"path":"/home/ntqsang/WORK/Coupon-Smart-Contract/contracts/lib/NFTHelper.sol","s":{"1":2,"2":2,"3":2,"4":0,"5":0,"6":0,"7":0,"8":0,"9":0,"10":0,"11":0,"12":0,"13":0,"14":0,"15":0,"16":0,"17":0},"b":{"1":[0,0],"2":[0,0],"3":[0,0],"4":[0,0]},"f":{"1":0,"2":2,"3":0,"4":0,"5":0,"6":0},"fnMap":{"1":{"name":"isERC721","line":19,"loc":{"start":{"line":19,"column":4},"end":{"line":32,"column":4}}},"2":{"name":"isERC1155","line":37,"loc":{"start":{"line":37,"column":4},"end":{"line":50,"column":4}}},"3":{"name":"isRoyalty","line":55,"loc":{"start":{"line":55,"column":4},"end":{"line":61,"column":4}}},"4":{"name":"getType","line":66,"loc":{"start":{"line":66,"column":4},"end":{"line":71,"column":4}}},"5":{"name":"transferNFTCall","line":76,"loc":{"start":{"line":76,"column":4},"end":{"line":98,"column":4}}},"6":{"name":"isTokenExist","line":103,"loc":{"start":{"line":103,"column":4},"end":{"line":115,"column":4}}}},"statementMap":{"1":{"start":{"line":20,"column":8},"end":{"line":20,"column":684}},"2":{"start":{"line":27,"column":8},"end":{"line":27,"column":891}},"3":{"start":{"line":38,"column":8},"end":{"line":38,"column":1240}},"4":{"start":{"line":45,"column":8},"end":{"line":45,"column":1448}},"5":{"start":{"line":56,"column":8},"end":{"line":56,"column":1799}},"6":{"start":{"line":67,"column":8},"end":{"line":67,"column":50}},"7":{"start":{"line":67,"column":32},"end":{"line":67,"column":50}},"8":{"start":{"line":68,"column":8},"end":{"line":68,"column":52}},"9":{"start":{"line":68,"column":33},"end":{"line":68,"column":52}},"10":{"start":{"line":70,"column":8},"end":{"line":70,"column":24}},"11":{"start":{"line":83,"column":8},"end":{"line":83,"column":2471}},"12":{"start":{"line":84,"column":12},"end":{"line":84,"column":2548}},"13":{"start":{"line":90,"column":12},"end":{"line":90,"column":2719}},"14":{"start":{"line":107,"column":8},"end":{"line":107,"column":61}},"15":{"start":{"line":108,"column":8},"end":{"line":108,"column":3162}},"16":{"start":{"line":109,"column":12},"end":{"line":109,"column":3232}},"17":{"start":{"line":114,"column":8},"end":{"line":114,"column":48}}},"branchMap":{"1":{"line":67,"type":"if","locations":[{"start":{"line":67,"column":8},"end":{"line":67,"column":8}},{"start":{"line":67,"column":8},"end":{"line":67,"column":8}}]},"2":{"line":68,"type":"if","locations":[{"start":{"line":68,"column":8},"end":{"line":68,"column":8}},{"start":{"line":68,"column":8},"end":{"line":68,"column":8}}]},"3":{"line":83,"type":"if","locations":[{"start":{"line":83,"column":8},"end":{"line":83,"column":8}},{"start":{"line":83,"column":8},"end":{"line":83,"column":8}}]},"4":{"line":108,"type":"if","locations":[{"start":{"line":108,"column":8},"end":{"line":108,"column":8}},{"start":{"line":108,"column":8},"end":{"line":108,"column":8}}]}}},"contracts/lib/TransferHelper.sol":{"l":{"19":3,"20":3,"21":0,"23":0,"30":0,"31":0,"33":0,"43":0,"44":0,"56":0,"57":0,"63":0,"73":0},"path":"/home/ntqsang/WORK/Coupon-Smart-Contract/contracts/lib/TransferHelper.sol","s":{"1":3,"2":2,"3":0,"4":0,"5":0,"6":0,"7":0,"8":0,"9":0,"10":0,"11":0,"12":0,"13":0},"b":{"1":[3,0],"2":[0,0],"3":[0,0],"4":[0,0],"5":[0,0],"6":[0,0]},"f":{"1":3,"2":0,"3":0,"4":0},"fnMap":{"1":{"name":"_transferToken","line":13,"loc":{"start":{"line":13,"column":4},"end":{"line":36,"column":4}}},"2":{"name":"_transferNativeToken","line":41,"loc":{"start":{"line":41,"column":4},"end":{"line":45,"column":4}}},"3":{"name":"_transferERC20Token","line":50,"loc":{"start":{"line":50,"column":4},"end":{"line":65,"column":4}}},"4":{"name":"_isNativeToken","line":70,"loc":{"start":{"line":70,"column":4},"end":{"line":74,"column":4}}}},"statementMap":{"1":{"start":{"line":19,"column":8},"end":{"line":19,"column":525}},"2":{"start":{"line":20,"column":12},"end":{"line":20,"column":569}},"3":{"start":{"line":21,"column":16},"end":{"line":21,"column":75}},"4":{"start":{"line":23,"column":16},"end":{"line":23,"column":732}},"5":{"start":{"line":30,"column":12},"end":{"line":30,"column":921}},"6":{"start":{"line":31,"column":16},"end":{"line":31,"column":49}},"7":{"start":{"line":33,"column":16},"end":{"line":33,"column":74}},"8":{"start":{"line":43,"column":8},"end":{"line":43,"column":55}},"9":{"start":{"line":44,"column":8},"end":{"line":44,"column":47}},"10":{"start":{"line":56,"column":8},"end":{"line":56,"column":1650}},"11":{"start":{"line":57,"column":12},"end":{"line":57,"column":1694}},"12":{"start":{"line":63,"column":12},"end":{"line":63,"column":70}},"13":{"start":{"line":73,"column":8},"end":{"line":73,"column":51}}},"branchMap":{"1":{"line":19,"type":"if","locations":[{"start":{"line":19,"column":8},"end":{"line":19,"column":8}},{"start":{"line":19,"column":8},"end":{"line":19,"column":8}}]},"2":{"line":20,"type":"if","locations":[{"start":{"line":20,"column":12},"end":{"line":20,"column":12}},{"start":{"line":20,"column":12},"end":{"line":20,"column":12}}]},"3":{"line":21,"type":"if","locations":[{"start":{"line":21,"column":16},"end":{"line":21,"column":16}},{"start":{"line":21,"column":16},"end":{"line":21,"column":16}}]},"4":{"line":30,"type":"if","locations":[{"start":{"line":30,"column":12},"end":{"line":30,"column":12}},{"start":{"line":30,"column":12},"end":{"line":30,"column":12}}]},"5":{"line":44,"type":"if","locations":[{"start":{"line":44,"column":8},"end":{"line":44,"column":8}},{"start":{"line":44,"column":8},"end":{"line":44,"column":8}}]},"6":{"line":56,"type":"if","locations":[{"start":{"line":56,"column":8},"end":{"line":56,"column":8}},{"start":{"line":56,"column":8},"end":{"line":56,"column":8}}]}}},"contracts/Marketplace/Marketplace.sol":{"l":{"139":0,"140":0,"142":0,"146":0,"147":0,"149":0,"156":0,"157":0,"158":0,"159":0,"160":0,"187":0,"188":0,"189":0,"191":0,"192":0,"193":0,"195":0,"203":0,"207":0,"210":0,"214":0,"216":0,"218":0,"231":0,"239":0,"260":0,"261":0,"266":0,"267":0,"268":0,"271":0,"272":0,"273":0,"280":0,"290":0,"307":0,"309":0,"311":0,"312":0,"316":0,"319":0,"320":0,"323":0,"325":0,"333":0,"340":0,"347":0,"357":0,"359":0,"360":0,"365":0,"368":0,"375":0,"394":0,"396":0,"397":0,"398":0,"400":0,"402":0,"404":0,"419":0,"444":0,"446":0,"450":0,"451":0,"452":0,"454":0,"455":0,"456":0,"458":0,"476":0,"477":0,"481":0,"483":0,"485":0,"492":0,"498":0,"499":0,"503":0,"504":0,"509":0,"519":0,"524":0,"531":0,"537":0,"545":0,"564":0,"573":0,"580":0,"593":10,"597":0,"606":0,"615":0,"629":0,"638":0,"654":0,"655":0,"669":0,"684":0,"688":0,"697":0,"704":0,"709":0,"711":0,"716":0,"718":0,"735":0,"736":0,"742":0,"744":0,"745":0,"752":0,"755":0,"757":0,"765":0,"769":0},"path":"/home/ntqsang/WORK/Coupon-Smart-Contract/contracts/Marketplace/Marketplace.sol","s":{"1":0,"2":0,"3":0,"4":0,"5":0,"6":0,"7":0,"8":0,"9":0,"10":0,"11":0,"12":0,"13":0,"14":0,"15":0,"16":0,"17":0,"18":0,"19":0,"20":0,"21":0,"22":0,"23":0,"24":0,"25":0,"26":0,"27":0,"28":0,"29":0,"30":0,"31":0,"32":0,"33":0,"34":0,"35":0,"36":0,"37":0,"38":0,"39":0,"40":0,"41":0,"42":0,"43":0,"44":0,"45":0,"46":0,"47":0,"48":0,"49":0,"50":0,"51":0,"52":0,"53":0,"54":0,"55":0,"56":0,"57":0,"58":0,"59":0,"60":0,"61":0,"62":0,"63":0,"64":0,"65":0,"66":0,"67":0,"68":0,"69":0,"70":0,"71":0,"72":0,"73":0,"74":0,"75":0,"76":0,"77":0,"78":0,"79":0,"80":0,"81":0,"82":0,"83":0,"84":0,"85":0,"86":0,"87":0,"88":10,"89":0,"90":0,"91":0,"92":0,"93":0,"94":0,"95":0,"96":0,"97":0,"98":0,"99":0,"100":0,"101":0,"102":0,"103":0,"104":0,"105":0,"106":0,"107":0,"108":0,"109":0,"110":0,"111":0,"112":0,"113":0,"114":0},"b":{"1":[0,0],"2":[0,0],"3":[0,0],"4":[0,0],"5":[0,0],"6":[0,0],"7":[0,0],"8":[0,0],"9":[0,0],"10":[0,0],"11":[0,0],"12":[0,0],"13":[0,0]},"f":{"1":78,"2":0,"3":0,"4":0,"5":0,"6":0,"7":0,"8":0,"9":0,"10":0,"11":0,"12":0,"13":0,"14":0,"15":10,"16":0,"17":0,"18":0,"19":0,"20":0,"21":0,"22":0,"23":0,"24":0,"25":0,"26":0},"fnMap":{"1":{"name":"validId","line":138,"loc":{"start":{"line":138,"column":4},"end":{"line":143,"column":4}}},"2":{"name":"validOrderId","line":145,"loc":{"start":{"line":145,"column":4},"end":{"line":150,"column":4}}},"3":{"name":"initialize","line":155,"loc":{"start":{"line":155,"column":4},"end":{"line":161,"column":4}}},"4":{"name":"makeOrder","line":185,"loc":{"start":{"line":169,"column":4},"end":{"line":252,"column":4}}},"5":{"name":"_updateOrder","line":254,"loc":{"start":{"line":254,"column":4},"end":{"line":296,"column":4}}},"6":{"name":"acceptOrder","line":306,"loc":{"start":{"line":303,"column":4},"end":{"line":354,"column":4}}},"7":{"name":"cancelOrder","line":356,"loc":{"start":{"line":356,"column":4},"end":{"line":376,"column":4}}},"8":{"name":"sell","line":393,"loc":{"start":{"line":383,"column":4},"end":{"line":431,"column":4}}},"9":{"name":"resell","line":443,"loc":{"start":{"line":438,"column":4},"end":{"line":464,"column":4}}},"10":{"name":"cancelSell","line":475,"loc":{"start":{"line":473,"column":4},"end":{"line":493,"column":4}}},"11":{"name":"buy","line":497,"loc":{"start":{"line":495,"column":4},"end":{"line":554,"column":4}}},"12":{"name":"fetchMarketItemsByMarketID","line":561,"loc":{"start":{"line":561,"column":4},"end":{"line":565,"column":4}}},"13":{"name":"getCurrentMarketItem","line":572,"loc":{"start":{"line":572,"column":4},"end":{"line":574,"column":4}}},"14":{"name":"wasBuyer","line":579,"loc":{"start":{"line":579,"column":4},"end":{"line":581,"column":4}}},"15":{"name":"getRoyaltyInfo","line":588,"loc":{"start":{"line":588,"column":4},"end":{"line":598,"column":4}}},"16":{"name":"isPermittedPaymentToken","line":603,"loc":{"start":{"line":603,"column":4},"end":{"line":607,"column":4}}},"17":{"name":"getListingFee","line":614,"loc":{"start":{"line":614,"column":4},"end":{"line":616,"column":4}}},"18":{"name":"supportsInterface","line":626,"loc":{"start":{"line":626,"column":4},"end":{"line":632,"column":4}}},"19":{"name":"recover","line":634,"loc":{"start":{"line":634,"column":4},"end":{"line":656,"column":4}}},"20":{"name":"onERC721Received","line":663,"loc":{"start":{"line":663,"column":4},"end":{"line":670,"column":4}}},"21":{"name":"onERC1155Received","line":677,"loc":{"start":{"line":677,"column":4},"end":{"line":685,"column":4}}},"22":{"name":"isRoyalty","line":687,"loc":{"start":{"line":687,"column":4},"end":{"line":689,"column":4}}},"23":{"name":"getMarketItemIdToMarketItem","line":694,"loc":{"start":{"line":694,"column":4},"end":{"line":698,"column":4}}},"24":{"name":"checkStandard","line":703,"loc":{"start":{"line":703,"column":4},"end":{"line":719,"column":4}}},"25":{"name":"_deduceRoyalties","line":728,"loc":{"start":{"line":728,"column":4},"end":{"line":758,"column":4}}},"26":{"name":"_getRoyaltyInfo","line":760,"loc":{"start":{"line":760,"column":4},"end":{"line":770,"column":4}}}},"statementMap":{"1":{"start":{"line":139,"column":8},"end":{"line":139,"column":4508}},"2":{"start":{"line":146,"column":8},"end":{"line":146,"column":4689}},"3":{"start":{"line":156,"column":8},"end":{"line":156,"column":33}},"4":{"start":{"line":157,"column":8},"end":{"line":157,"column":31}},"5":{"start":{"line":158,"column":8},"end":{"line":158,"column":55}},"6":{"start":{"line":159,"column":8},"end":{"line":159,"column":35}},"7":{"start":{"line":160,"column":8},"end":{"line":160,"column":21}},"8":{"start":{"line":187,"column":8},"end":{"line":187,"column":46}},"9":{"start":{"line":188,"column":8},"end":{"line":188,"column":42}},"10":{"start":{"line":189,"column":8},"end":{"line":189,"column":53}},"11":{"start":{"line":191,"column":8},"end":{"line":191,"column":5865}},"12":{"start":{"line":192,"column":12},"end":{"line":192,"column":72}},"13":{"start":{"line":193,"column":12},"end":{"line":193,"column":54}},"14":{"start":{"line":194,"column":15},"end":{"line":194,"column":6051}},"15":{"start":{"line":195,"column":12},"end":{"line":195,"column":6107}},"16":{"start":{"line":203,"column":8},"end":{"line":203,"column":6288}},"17":{"start":{"line":207,"column":8},"end":{"line":207,"column":6392}},"18":{"start":{"line":210,"column":12},"end":{"line":210,"column":6506}},"19":{"start":{"line":214,"column":12},"end":{"line":214,"column":62}},"20":{"start":{"line":216,"column":12},"end":{"line":216,"column":32}},"21":{"start":{"line":218,"column":12},"end":{"line":218,"column":6783}},"22":{"start":{"line":231,"column":12},"end":{"line":231,"column":7225}},"23":{"start":{"line":239,"column":12},"end":{"line":239,"column":7429}},"24":{"start":{"line":260,"column":8},"end":{"line":260,"column":55}},"25":{"start":{"line":261,"column":8},"end":{"line":261,"column":8091}},"26":{"start":{"line":266,"column":8},"end":{"line":266,"column":38}},"27":{"start":{"line":267,"column":8},"end":{"line":267,"column":34}},"28":{"start":{"line":268,"column":8},"end":{"line":268,"column":37}},"29":{"start":{"line":271,"column":8},"end":{"line":271,"column":8345}},"30":{"start":{"line":272,"column":12},"end":{"line":272,"column":8385}},"31":{"start":{"line":273,"column":16},"end":{"line":273,"column":8422}},"32":{"start":{"line":280,"column":16},"end":{"line":280,"column":8660}},"33":{"start":{"line":290,"column":8},"end":{"line":290,"column":8909}},"34":{"start":{"line":307,"column":8},"end":{"line":307,"column":53}},"35":{"start":{"line":309,"column":8},"end":{"line":309,"column":47}},"36":{"start":{"line":311,"column":8},"end":{"line":311,"column":59}},"37":{"start":{"line":312,"column":8},"end":{"line":312,"column":9475}},"38":{"start":{"line":316,"column":8},"end":{"line":316,"column":66}},"39":{"start":{"line":319,"column":8},"end":{"line":319,"column":46}},"40":{"start":{"line":320,"column":8},"end":{"line":320,"column":38}},"41":{"start":{"line":323,"column":8},"end":{"line":323,"column":67}},"42":{"start":{"line":325,"column":8},"end":{"line":325,"column":9948}},"43":{"start":{"line":333,"column":8},"end":{"line":333,"column":10174}},"44":{"start":{"line":340,"column":8},"end":{"line":340,"column":10342}},"45":{"start":{"line":347,"column":8},"end":{"line":347,"column":10523}},"46":{"start":{"line":357,"column":8},"end":{"line":357,"column":53}},"47":{"start":{"line":359,"column":8},"end":{"line":359,"column":54}},"48":{"start":{"line":360,"column":8},"end":{"line":360,"column":10910}},"49":{"start":{"line":365,"column":8},"end":{"line":365,"column":46}},"50":{"start":{"line":368,"column":8},"end":{"line":368,"column":11163}},"51":{"start":{"line":375,"column":8},"end":{"line":375,"column":35}},"52":{"start":{"line":394,"column":8},"end":{"line":394,"column":58}},"53":{"start":{"line":396,"column":8},"end":{"line":396,"column":63}},"54":{"start":{"line":397,"column":8},"end":{"line":397,"column":11954}},"55":{"start":{"line":398,"column":12},"end":{"line":398,"column":54}},"56":{"start":{"line":400,"column":8},"end":{"line":400,"column":65}},"57":{"start":{"line":402,"column":8},"end":{"line":402,"column":33}},"58":{"start":{"line":404,"column":8},"end":{"line":404,"column":12175}},"59":{"start":{"line":419,"column":8},"end":{"line":419,"column":12549}},"60":{"start":{"line":444,"column":8},"end":{"line":444,"column":78}},"61":{"start":{"line":446,"column":8},"end":{"line":446,"column":13265}},"62":{"start":{"line":450,"column":8},"end":{"line":450,"column":52}},"63":{"start":{"line":451,"column":8},"end":{"line":451,"column":52}},"64":{"start":{"line":452,"column":8},"end":{"line":452,"column":46}},"65":{"start":{"line":454,"column":8},"end":{"line":454,"column":31}},"66":{"start":{"line":455,"column":8},"end":{"line":455,"column":39}},"67":{"start":{"line":456,"column":8},"end":{"line":456,"column":35}},"68":{"start":{"line":458,"column":8},"end":{"line":458,"column":13681}},"69":{"start":{"line":476,"column":8},"end":{"line":476,"column":78}},"70":{"start":{"line":477,"column":8},"end":{"line":477,"column":14203}},"71":{"start":{"line":481,"column":8},"end":{"line":481,"column":52}},"72":{"start":{"line":483,"column":8},"end":{"line":483,"column":52}},"73":{"start":{"line":485,"column":8},"end":{"line":485,"column":14455}},"74":{"start":{"line":492,"column":8},"end":{"line":492,"column":39}},"75":{"start":{"line":498,"column":8},"end":{"line":498,"column":78}},"76":{"start":{"line":499,"column":8},"end":{"line":499,"column":14903}},"77":{"start":{"line":503,"column":8},"end":{"line":503,"column":61}},"78":{"start":{"line":504,"column":8},"end":{"line":504,"column":15107}},"79":{"start":{"line":509,"column":8},"end":{"line":509,"column":15233}},"80":{"start":{"line":519,"column":8},"end":{"line":519,"column":15623}},"81":{"start":{"line":524,"column":8},"end":{"line":524,"column":15757}},"82":{"start":{"line":531,"column":8},"end":{"line":531,"column":15937}},"83":{"start":{"line":537,"column":8},"end":{"line":537,"column":16153}},"84":{"start":{"line":545,"column":8},"end":{"line":545,"column":16357}},"85":{"start":{"line":564,"column":8},"end":{"line":564,"column":49}},"86":{"start":{"line":573,"column":8},"end":{"line":573,"column":39}},"87":{"start":{"line":580,"column":8},"end":{"line":580,"column":31}},"88":{"start":{"line":593,"column":8},"end":{"line":593,"column":17694}},"89":{"start":{"line":597,"column":8},"end":{"line":597,"column":51}},"90":{"start":{"line":606,"column":8},"end":{"line":606,"column":51}},"91":{"start":{"line":615,"column":8},"end":{"line":615,"column":50}},"92":{"start":{"line":629,"column":8},"end":{"line":629,"column":18838}},"93":{"start":{"line":638,"column":8},"end":{"line":638,"column":19059}},"94":{"start":{"line":654,"column":8},"end":{"line":654,"column":68}},"95":{"start":{"line":655,"column":8},"end":{"line":655,"column":21}},"96":{"start":{"line":669,"column":8},"end":{"line":669,"column":45}},"97":{"start":{"line":684,"column":8},"end":{"line":684,"column":46}},"98":{"start":{"line":688,"column":8},"end":{"line":688,"column":45}},"99":{"start":{"line":697,"column":8},"end":{"line":697,"column":53}},"100":{"start":{"line":704,"column":8},"end":{"line":704,"column":21014}},"101":{"start":{"line":709,"column":12},"end":{"line":709,"column":46}},"102":{"start":{"line":711,"column":8},"end":{"line":711,"column":21225}},"103":{"start":{"line":716,"column":12},"end":{"line":716,"column":47}},"104":{"start":{"line":718,"column":8},"end":{"line":718,"column":40}},"105":{"start":{"line":735,"column":8},"end":{"line":735,"column":22079}},"106":{"start":{"line":736,"column":12},"end":{"line":736,"column":22206}},"107":{"start":{"line":742,"column":12},"end":{"line":742,"column":67}},"108":{"start":{"line":744,"column":12},"end":{"line":744,"column":22496}},"109":{"start":{"line":745,"column":16},"end":{"line":745,"column":22543}},"110":{"start":{"line":752,"column":16},"end":{"line":752,"column":60}},"111":{"start":{"line":755,"column":12},"end":{"line":755,"column":31}},"112":{"start":{"line":757,"column":8},"end":{"line":757,"column":29}},"113":{"start":{"line":765,"column":8},"end":{"line":765,"column":23167}},"114":{"start":{"line":769,"column":8},"end":{"line":769,"column":51}}},"branchMap":{"1":{"line":139,"type":"if","locations":[{"start":{"line":139,"column":8},"end":{"line":139,"column":8}},{"start":{"line":139,"column":8},"end":{"line":139,"column":8}}]},"2":{"line":146,"type":"if","locations":[{"start":{"line":146,"column":8},"end":{"line":146,"column":8}},{"start":{"line":146,"column":8},"end":{"line":146,"column":8}}]},"3":{"line":191,"type":"if","locations":[{"start":{"line":191,"column":8},"end":{"line":191,"column":8}},{"start":{"line":191,"column":8},"end":{"line":191,"column":8}}]},"4":{"line":194,"type":"if","locations":[{"start":{"line":194,"column":15},"end":{"line":194,"column":15}},{"start":{"line":194,"column":15},"end":{"line":194,"column":15}}]},"5":{"line":207,"type":"if","locations":[{"start":{"line":207,"column":8},"end":{"line":207,"column":8}},{"start":{"line":207,"column":8},"end":{"line":207,"column":8}}]},"6":{"line":271,"type":"if","locations":[{"start":{"line":271,"column":8},"end":{"line":271,"column":8}},{"start":{"line":271,"column":8},"end":{"line":271,"column":8}}]},"7":{"line":272,"type":"if","locations":[{"start":{"line":272,"column":12},"end":{"line":272,"column":12}},{"start":{"line":272,"column":12},"end":{"line":272,"column":12}}]},"8":{"line":397,"type":"if","locations":[{"start":{"line":397,"column":8},"end":{"line":397,"column":8}},{"start":{"line":397,"column":8},"end":{"line":397,"column":8}}]},"9":{"line":519,"type":"if","locations":[{"start":{"line":519,"column":8},"end":{"line":519,"column":8}},{"start":{"line":519,"column":8},"end":{"line":519,"column":8}}]},"10":{"line":704,"type":"if","locations":[{"start":{"line":704,"column":8},"end":{"line":704,"column":8}},{"start":{"line":704,"column":8},"end":{"line":704,"column":8}}]},"11":{"line":711,"type":"if","locations":[{"start":{"line":711,"column":8},"end":{"line":711,"column":8}},{"start":{"line":711,"column":8},"end":{"line":711,"column":8}}]},"12":{"line":735,"type":"if","locations":[{"start":{"line":735,"column":8},"end":{"line":735,"column":8}},{"start":{"line":735,"column":8},"end":{"line":735,"column":8}}]},"13":{"line":744,"type":"if","locations":[{"start":{"line":744,"column":12},"end":{"line":744,"column":12}},{"start":{"line":744,"column":12},"end":{"line":744,"column":12}}]}}},"contracts/StakingPool/PoolFactory.sol":{"l":{"42":0,"43":0,"45":0,"46":0,"59":0,"60":0,"61":0,"62":0,"65":0,"67":0,"68":0,"71":0,"83":0,"103":0,"109":0,"110":0,"118":0,"122":0,"123":0,"124":0,"126":0},"path":"/home/ntqsang/WORK/Coupon-Smart-Contract/contracts/StakingPool/PoolFactory.sol","s":{"1":0,"2":0,"3":0,"4":0,"5":0,"6":0,"7":0,"8":0,"9":0,"10":0,"11":0,"12":0,"13":0,"14":0,"15":0,"16":0,"17":0,"18":0,"19":0,"20":0,"21":0},"b":{},"f":{"1":0,"2":0,"3":0,"4":0,"5":0,"6":0},"fnMap":{"1":{"name":"initialize","line":41,"loc":{"start":{"line":38,"column":4},"end":{"line":47,"column":4}}},"2":{"name":"create","line":58,
[...]
0,"column":8},"end":{"line":80,"column":44}},"15":{"start":{"line":81,"column":8},"end":{"line":81,"column":34}}},"branchMap":{"1":{"line":26,"type":"if","locations":[{"start":{"line":26,"column":8},"end":{"line":26,"column":8}},{"start":{"line":26,"column":8},"end":{"line":26,"column":8}}]},"2":{"line":55,"type":"if","locations":[{"start":{"line":55,"column":8},"end":{"line":55,"column":8}},{"start":{"line":55,"column":8},"end":{"line":55,"column":8}}]},"3":{"line":66,"type":"if","locations":[{"start":{"line":66,"column":8},"end":{"line":66,"column":8}},{"start":{"line":66,"column":8},"end":{"line":66,"column":8}}]},"4":{"line":67,"type":"if","locations":[{"start":{"line":67,"column":8},"end":{"line":67,"column":8}},{"start":{"line":67,"column":8},"end":{"line":67,"column":8}}]},"5":{"line":80,"type":"if","locations":[{"start":{"line":80,"column":8},"end":{"line":80,"column":8}},{"start":{"line":80,"column":8},"end":{"line":80,"column":8}}]}}},"contracts/Token/CMCG.sol":{"l":{"23":0,"24":0,"26":0,"38":0,"39":0,"41":0,"50":0},"path":"/home/ntqsang/WORK/Coupon-Smart-Contract/contracts/Token/CMCG.sol","s":{"1":0,"2":0,"3":0,"4":0},"b":{"1":[0,0],"2":[0,0]},"f":{"1":0,"2":0,"3":0},"fnMap":{"1":{"name":"validAmount","line":22,"loc":{"start":{"line":22,"column":4},"end":{"line":27,"column":4}}},"2":{"name":"constructor","line":37,"loc":{"start":{"line":32,"column":4},"end":{"line":42,"column":4}}},"3":{"name":"burn","line":49,"loc":{"start":{"line":49,"column":4},"end":{"line":51,"column":4}}}},"statementMap":{"1":{"start":{"line":23,"column":8},"end":{"line":23,"column":684}},"2":{"start":{"line":38,"column":8},"end":{"line":38,"column":1028}},"3":{"start":{"line":41,"column":8},"end":{"line":41,"column":37}},"4":{"start":{"line":50,"column":8},"end":{"line":50,"column":34}}},"branchMap":{"1":{"line":23,"type":"if","locations":[{"start":{"line":23,"column":8},"end":{"line":23,"column":8}},{"start":{"line":23,"column":8},"end":{"line":23,"column":8}}]},"2":{"line":38,"type":"if","locations":[{"start":{"line":38,"column":8},"end":{"line":38,"column":8}},{"start":{"line":38,"column":8},"end":{"line":38,"column":8}}]}}},"contracts/Token/NFTManager.sol":{"l":{"60":0,"61":0,"62":0,"64":0,"65":0,"78":0,"79":0,"80":0,"81":0,"83":0,"88":0,"91":0,"111":0,"112":0,"113":0,"114":0,"115":0,"116":0,"118":0,"119":0,"121":0},"path":"/home/ntqsang/WORK/Coupon-Smart-Contract/contracts/Token/NFTManager.sol","s":{"1":0,"2":0,"3":0,"4":0,"5":0,"6":0,"7":0,"8":0,"9":0,"10":0,"11":0,"12":0,"13":0,"14":0,"15":0,"16":0,"17":0,"18":0,"19":0,"20":0,"21":0,"22":0,"23":0},"b":{"1":[0,0],"2":[0,0],"3":[0,0],"4":[0,0]},"f":{"1":0,"2":0,"3":0},"fnMap":{"1":{"name":"initialize","line":59,"loc":{"start":{"line":55,"column":4},"end":{"line":66,"column":4}}},"2":{"name":"createNFT","line":77,"loc":{"start":{"line":73,"column":4},"end":{"line":99,"column":4}}},"3":{"name":"createNFTFromCollection","line":110,"loc":{"start":{"line":106,"column":4},"end":{"line":122,"column":4}}}},"statementMap":{"1":{"start":{"line":60,"column":8},"end":{"line":60,"column":33}},"2":{"start":{"line":61,"column":8},"end":{"line":61,"column":31}},"3":{"start":{"line":62,"column":8},"end":{"line":62,"column":22}},"4":{"start":{"line":64,"column":8},"end":{"line":64,"column":35}},"5":{"start":{"line":65,"column":8},"end":{"line":65,"column":37}},"6":{"start":{"line":78,"column":8},"end":{"line":78,"column":25}},"7":{"start":{"line":79,"column":8},"end":{"line":79,"column":2357}},"8":{"start":{"line":80,"column":12},"end":{"line":80,"column":73}},"9":{"start":{"line":81,"column":12},"end":{"line":81,"column":79}},"10":{"start":{"line":82,"column":15},"end":{"line":82,"column":2570}},"11":{"start":{"line":83,"column":12},"end":{"line":83,"column":2627}},"12":{"start":{"line":88,"column":12},"end":{"line":88,"column":2796}},"13":{"start":{"line":91,"column":8},"end":{"line":91,"column":2879}},"14":{"start":{"line":111,"column":8},"end":{"line":111,"column":52}},"15":{"start":{"line":112,"column":8},"end":{"line":112,"column":62}},"16":{"start":{"line":113,"column":8},"end":{"line":113,"column":25}},"17":{"start":{"line":114,"column":8},"end":{"line":114,"column":3558}},"18":{"start":{"line":115,"column":12},"end":{"line":115,"column":59}},"19":{"start":{"line":116,"column":12},"end":{"line":116,"column":65}},"20":{"start":{"line":117,"column":15},"end":{"line":117,"column":3743}},"21":{"start":{"line":118,"column":12},"end":{"line":118,"column":68}},"22":{"start":{"line":119,"column":12},"end":{"line":119,"column":66}},"23":{"start":{"line":121,"column":8},"end":{"line":121,"column":65}}},"branchMap":{"1":{"line":79,"type":"if","locations":[{"start":{"line":79,"column":8},"end":{"line":79,"column":8}},{"start":{"line":79,"column":8},"end":{"line":79,"column":8}}]},"2":{"line":82,"type":"if","locations":[{"start":{"line":82,"column":15},"end":{"line":82,"column":15}},{"start":{"line":82,"column":15},"end":{"line":82,"column":15}}]},"3":{"line":114,"type":"if","locations":[{"start":{"line":114,"column":8},"end":{"line":114,"column":8}},{"start":{"line":114,"column":8},"end":{"line":114,"column":8}}]},"4":{"line":117,"type":"if","locations":[{"start":{"line":117,"column":15},"end":{"line":117,"column":15}},{"start":{"line":117,"column":15},"end":{"line":117,"column":15}}]}}},"contracts/Token/TokenMintERC1155.sol":{"l":{"51":2,"52":2,"59":4,"72":3,"73":3,"75":3,"77":3,"79":3,"93":0,"94":0,"95":0,"96":0,"97":0,"99":0,"100":0,"101":0,"103":0,"104":0,"106":0,"109":0,"123":0,"124":0,"126":0,"128":0,"130":0,"132":0,"147":0,"148":4,"149":4,"150":0,"151":9,"153":9,"154":0,"155":0,"157":0,"158":0,"160":0,"162":0,"165":0,"174":0,"194":0,"203":0},"path":"/home/ntqsang/WORK/Coupon-Smart-Contract/contracts/Token/TokenMintERC1155.sol","s":{"1":2,"2":4,"3":4,"4":3,"5":3,"6":3,"7":3,"8":1,"9":0,"10":0,"11":0,"12":0,"13":0,"14":0,"15":0,"16":0,"17":0,"18":0,"19":0,"20":0,"21":0,"22":0,"23":0,"24":0,"25":0,"26":0,"27":0,"28":4,"29":0,"30":0,"31":9,"32":0,"33":0,"34":0,"35":0,"36":0,"37":0,"38":0,"39":0,"40":0,"41":0,"42":0},"b":{},"f":{"1":2,"2":4,"3":3,"4":1,"5":0,"6":0,"7":0,"8":0,"9":0},"fnMap":{"1":{"name":"initialize","line":50,"loc":{"start":{"line":50,"column":4},"end":{"line":53,"column":4}}},"2":{"name":"setURI","line":58,"loc":{"start":{"line":58,"column":4},"end":{"line":60,"column":4}}},"3":{"name":"mint","line":71,"loc":{"start":{"line":67,"column":4},"end":{"line":80,"column":4}}},"4":{"name":"mintBatch","line":92,"loc":{"start":{"line":88,"column":4},"end":{"line":110,"column":4}}},"5":{"name":"mintithRoyalties","line":122,"loc":{"start":{"line":117,"column":4},"end":{"line":133,"column":4}}},"6":{"name":"mintBatchithRoyalties","line":146,"loc":{"start":{"line":141,"column":4},"end":{"line":166,"column":4}}},"7":{"name":"getTokenCounter","line":173,"loc":{"start":{"line":173,"column":4},"end":{"line":175,"column":4}}},"8":{"name":"supportsInterface","line":185,"loc":{"start":{"line":185,"column":4},"end":{"line":197,"column":4}}},"9":{"name":"uri","line":202,"loc":{"start":{"line":202,"column":4},"end":{"line":204,"column":4}}}},"statementMap":{"1":{"start":{"line":51,"column":8},"end":{"line":51,"column":33}},"2":{"start":{"line":52,"column":8},"end":{"line":52,"column":25}},"3":{"start":{"line":59,"column":8},"end":{"line":59,"column":29}},"4":{"start":{"line":72,"column":8},"end":{"line":72,"column":32}},"5":{"start":{"line":73,"column":8},"end":{"line":73,"column":49}},"6":{"start":{"line":75,"column":8},"end":{"line":75,"column":29}},"7":{"start":{"line":77,"column":8},"end":{"line":77,"column":43}},"8":{"start":{"line":79,"column":8},"end":{"line":79,"column":38}},"9":{"start":{"line":93,"column":8},"end":{"line":93,"column":68}},"10":{"start":{"line":94,"column":8},"end":{"line":94,"column":52}},"11":{"start":{"line":95,"column":8},"end":{"line":95,"column":65}},"12":{"start":{"line":96,"column":8},"end":{"line":96,"column":3040}},"13":{"start":{"line":97,"column":12},"end":{"line":97,"column":39}},"14":{"start":{"line":99,"column":12},"end":{"line":99,"column":48}},"15":{"start":{"line":100,"column":12},"end":{"line":100,"column":36}},"16":{"start":{"line":101,"column":12},"end":{"line":101,"column":53}},"17":{"start":{"line":103,"column":12},"end":{"line":103,"column":37}},"18":{"start":{"line":104,"column":12},"end":{"line":104,"column":32}},"19":{"start":{"line":106,"column":12},"end":{"line":106,"column":47}},"20":{"start":{"line":109,"column":8},"end":{"line":109,"column":44}},"21":{"start":{"line":123,"column":8},"end":{"line":123,"column":32}},"22":{"start":{"line":124,"column":8},"end":{"line":124,"column":49}},"23":{"start":{"line":126,"column":8},"end":{"line":126,"column":29}},"24":{"start":{"line":128,"column":8},"end":{"line":128,"column":57}},"25":{"start":{"line":130,"column":8},"end":{"line":130,"column":43}},"26":{"start":{"line":132,"column":8},"end":{"line":132,"column":51}},"27":{"start":{"line":147,"column":8},"end":{"line":147,"column":68}},"28":{"start":{"line":148,"column":8},"end":{"line":148,"column":52}},"29":{"start":{"line":149,"column":8},"end":{"line":149,"column":65}},"30":{"start":{"line":150,"column":8},"end":{"line":150,"column":4658}},"31":{"start":{"line":151,"column":12},"end":{"line":151,"column":39}},"32":{"start":{"line":153,"column":12},"end":{"line":153,"column":48}},"33":{"start":{"line":154,"column":12},"end":{"line":154,"column":36}},"34":{"start":{"line":155,"column":12},"end":{"line":155,"column":53}},"35":{"start":{"line":157,"column":12},"end":{"line":157,"column":37}},"36":{"start":{"line":158,"column":12},"end":{"line":158,"column":32}},"37":{"start":{"line":160,"column":12},"end":{"line":160,"column":61}},"38":{"start":{"line":162,"column":12},"end":{"line":162,"column":47}},"39":{"start":{"line":165,"column":8},"end":{"line":165,"column":57}},"40":{"start":{"line":174,"column":8},"end":{"line":174,"column":38}},"41":{"start":{"line":194,"column":8},"end":{"line":194,"column":5989}},"42":{"start":{"line":203,"column":8},"end":{"line":203,"column":28}}},"branchMap":{}},"contracts/Token/TokenMintERC721.sol":{"l":{"54":3,"55":3,"57":3,"69":3,"70":3,"72":1,"74":0,"76":0,"89":0,"90":0,"91":0,"92":0,"93":0,"95":0,"96":0,"98":0,"101":0,"114":0,"115":0,"117":0,"119":0,"121":0,"123":2,"137":2,"138":6,"139":6,"140":1,"141":5,"143":0,"144":0,"146":0,"148":0,"151":0,"161":0,"170":0,"195":0,"196":0,"198":0,"222":0},"path":"/home/ntqsang/WORK/Coupon-Smart-Contract/contracts/Token/TokenMintERC721.sol","s":{"1":3,"2":3,"3":3,"4":3,"5":1,"6":0,"7":0,"8":0,"9":0,"10":0,"11":0,"12":0,"13":0,"14":0,"15":0,"16":0,"17":0,"18":0,"19":0,"20":0,"21":0,"22":2,"23":2,"24":2,"25":6,"26":1,"27":5,"28":5,"29":0,"30":0,"31":0,"32":0,"33":0,"34":0,"35":0,"36":0,"37":0,"38":0},"b":{"1":[0,0]},"f":{"1":1,"2":3,"3":0,"4":0,"5":2,"6":0,"7":0,"8":0,"9":0},"fnMap":{"1":{"name":"initialize","line":53,"loc":{"start":{"line":49,"column":4},"end":{"line":58,"column":4}}},"2":{"name":"mint","line":68,"loc":{"start":{"line":65,"column":4},"end":{"line":77,"column":4}}},"3":{"name":"mintBatch","line":88,"loc":{"start":{"line":85,"column":4},"end":{"line":102,"column":4}}},"4":{"name":"mintWithRoyalties","line":113,"loc":{"start":{"line":109,"column":4},"end":{"line":124,"column":4}}},"5":{"name":"mintBatchWithRoyalties","line":136,"loc":{"start":{"line":132,"column":4},"end":{"line":152,"column":4}}},"6":{"name":"setTokenURI","line":160,"loc":{"start":{"line":157,"column":4},"end":{"line":162,"column":4}}},"7":{"name":"getTokenCounter","line":169,"loc":{"start":{"line":169,"column":4},"end":{"line":171,"column":4}}},"8":{"name":"tokenURI","line":192,"loc":{"start":{"line":192,"column":4},"end":{"line":199,"column":4}}},"9":{"name":"supportsInterface","line":209,"loc":{"start":{"line":209,"column":4},"end":{"line":225,"column":4}}}},"statementMap":{"1":{"start":{"line":54,"column":8},"end":{"line":54,"column":33}},"2":{"start":{"line":55,"column":8},"end":{"line":55,"column":36}},"3":{"start":{"line":57,"column":8},"end":{"line":57,"column":21}},"4":{"start":{"line":69,"column":8},"end":{"line":69,"column":32}},"5":{"start":{"line":70,"column":8},"end":{"line":70,"column":49}},"6":{"start":{"line":72,"column":8},"end":{"line":72,"column":26}},"7":{"start":{"line":74,"column":8},"end":{"line":74,"column":31}},"8":{"start":{"line":76,"column":8},"end":{"line":76,"column":38}},"9":{"start":{"line":89,"column":8},"end":{"line":89,"column":52}},"10":{"start":{"line":90,"column":8},"end":{"line":90,"column":65}},"11":{"start":{"line":91,"column":8},"end":{"line":91,"column":2829}},"12":{"start":{"line":92,"column":12},"end":{"line":92,"column":36}},"13":{"start":{"line":93,"column":12},"end":{"line":93,"column":53}},"14":{"start":{"line":95,"column":12},"end":{"line":95,"column":37}},"15":{"start":{"line":96,"column":12},"end":{"line":96,"column":32}},"16":{"start":{"line":98,"column":12},"end":{"line":98,"column":35}},"17":{"start":{"line":101,"column":8},"end":{"line":101,"column":44}},"18":{"start":{"line":114,"column":8},"end":{"line":114,"column":32}},"19":{"start":{"line":115,"column":8},"end":{"line":115,"column":49}},"20":{"start":{"line":117,"column":8},"end":{"line":117,"column":26}},"21":{"start":{"line":119,"column":8},"end":{"line":119,"column":57}},"22":{"start":{"line":121,"column":8},"end":{"line":121,"column":31}},"23":{"start":{"line":123,"column":8},"end":{"line":123,"column":51}},"24":{"start":{"line":137,"column":8},"end":{"line":137,"column":52}},"25":{"start":{"line":138,"column":8},"end":{"line":138,"column":65}},"26":{"start":{"line":139,"column":8},"end":{"line":139,"column":4207}},"27":{"start":{"line":140,"column":12},"end":{"line":140,"column":36}},"28":{"start":{"line":141,"column":12},"end":{"line":141,"column":53}},"29":{"start":{"line":143,"column":12},"end":{"line":143,"column":37}},"30":{"start":{"line":144,"column":12},"end":{"line":144,"column":32}},"31":{"start":{"line":146,"column":12},"end":{"line":146,"column":61}},"32":{"start":{"line":148,"column":12},"end":{"line":148,"column":35}},"33":{"start":{"line":151,"column":8},"end":{"line":151,"column":57}},"34":{"start":{"line":161,"column":8},"end":{"line":161,"column":29}},"35":{"start":{"line":170,"column":8},"end":{"line":170,"column":38}},"36":{"start":{"line":195,"column":8},"end":{"line":195,"column":5710}},"37":{"start":{"line":198,"column":8},"end":{"line":198,"column":28}},"38":{"start":{"line":222,"column":8},"end":{"line":222,"column":6501}}},"branchMap":{"1":{"line":195,"type":"if","locations":[{"start":{"line":195,"column":8},"end":{"line":195,"column":8}},{"start":{"line":195,"column":8},"end":{"line":195,"column":8}}]}}},"contracts/Treasury.sol":{"l":{"33":0,"34":0,"36":0,"61":0,"68":0},"path":"/home/ntqsang/WORK/Coupon-Smart-Contract/contracts/Treasury.sol","s":{"1":0,"2":0,"3":0,"4":0,"5":0},"b":{},"f":{"1":0,"2":0},"fnMap":{"1":{"name":"initialize","line":32,"loc":{"start":{"line":32,"column":4},"end":{"line":37,"column":4}}},"2":{"name":"distribute","line":59,"loc":{"start":{"line":50,"column":4},"end":{"line":69,"column":4}}}},"statementMap":{"1":{"start":{"line":33,"column":8},"end":{"line":33,"column":33}},"2":{"start":{"line":34,"column":8},"end":{"line":34,"column":22}},"3":{"start":{"line":36,"column":8},"end":{"line":36,"column":31}},"4":{"start":{"line":61,"column":8},"end":{"line":61,"column":1772}},"5":{"start":{"line":68,"column":8},"end":{"line":68,"column":53}}},"branchMap":{}},"contracts/Validatable.sol":{"l":{"30":22,"31":87,"33":77,"37":2,"38":71,"40":84,"44":14,"45":819,"47":810,"53":6,"54":804,"56":804,"60":804,"61":1,"63":63,"67":63,"68":61,"70":60,"74":60,"80":60,"82":0,"90":0,"91":0,"93":0,"102":0,"105":0,"112":0,"129":0,"130":0,"134":0},"path":"/home/ntqsang/WORK/Coupon-Smart-Contract/contracts/Validatable.sol","s":{"1":97,"2":75,"3":74,"4":804,"5":804,"6":2,"7":60,"8":0,"9":0,"10":0,"11":0,"12":0,"13":0,"14":0,"15":0,"16":0,"17":0,"18":0},"b":{"1":[97,87],"2":[75,71],"3":[74,819],"4":[804,804],"5":[804,1],"6":[2,61],"7":[60,60],"8":[0,0]},"f":{"1":22,"2":2,"3":14,"4":6,"5":804,"6":63,"7":60,"8":0,"9":0,"10":0,"11":0,"12":0},"fnMap":{"1":{"name":"onlyOwner","line":29,"loc":{"start":{"line":29,"column":4},"end":{"line":34,"column":4}}},"2":{"name":"onlyAdmin","line":36,"loc":{"start":{"line":36,"column":4},"end":{"line":41,"column":4}}},"3":{"name":"validWallet","line":43,"loc":{"start":{"line":43,"column":4},"end":{"line":48,"column":4}}},"4":{"name":"notZeroAddress","line":52,"loc":{"start":{"line":52,"column":4},"end":{"line":57,"column":4}}},"5":{"name":"notZero","line":59,"loc":{"start":{"line":59,"column":4},"end":{"line":64,"column":4}}},"6":{"name":"validPaymentToken","line":66,"loc":{"start":{"line":66,"column":4},"end":{"line":71,"column":4}}},"7":{"name":"validAdmin","line":73,"loc":{"start":{"line":73,"column":4},"end":{"line":83,"column":4}}},"8":{"name":"__Validatable_init","line":89,"loc":{"start":{"line":87,"column":4},"end":{"line":94,"column":4}}},"9":{"name":"setPause","line":101,"loc":{"start":{"line":101,"column":4},"end":{"line":106,"column":4}}},"10":{"name":"isPaused","line":111,"loc":{"start":{"line":111,"column":4},"end":{"line":113,"column":4}}},"11":{"name":"isValidProof","line":124,"loc":{"start":{"line":124,"column":4},"end":{"line":131,"column":4}}},"12":{"name":"isWallet","line":133,"loc":{"start":{"line":133,"column":4},"end":{"line":138,"column":4}}}},"statementMap":{"1":{"start":{"line":30,"column":8},"end":{"line":30,"column":912}},"2":{"start":{"line":37,"column":8},"end":{"line":37,"column":1063}},"3":{"start":{"line":44,"column":8},"end":{"line":44,"column":1238}},"4":{"start":{"line":53,"column":8},"end":{"line":53,"column":1466}},"5":{"start":{"line":60,"column":8},"end":{"line":60,"column":1621}},"6":{"start":{"line":67,"column":8},"end":{"line":67,"column":1791}},"7":{"start":{"line":74,"column":8},"end":{"line":74,"column":1984}},"8":{"start":{"line":90,"column":8},"end":{"line":90,"column":23}},"9":{"start":{"line":91,"column":8},"end":{"line":91,"column":24}},"10":{"start":{"line":93,"column":8},"end":{"line":93,"column":21}},"11":{"start":{"line":102,"column":8},"end":{"line":102,"column":2689}},"12":{"start":{"line":102,"column":21},"end":{"line":102,"column":28}},"13":{"start":{"line":103,"column":13},"end":{"line":103,"column":22}},"14":{"start":{"line":105,"column":8},"end":{"line":105,"column":30}},"15":{"start":{"line":112,"column":8},"end":{"line":112,"column":29}},"16":{"start":{"line":129,"column":8},"end":{"line":129,"column":60}},"17":{"start":{"line":130,"column":8},"end":{"line":130,"column":65}},"18":{"start":{"line":134,"column":8},"end":{"line":134,"column":3605}}},"branchMap":{"1":{"line":30,"type":"if","locations":[{"start":{"line":30,"column":8},"end":{"line":30,"column":8}},{"start":{"line":30,"column":8},"end":{"line":30,"column":8}}]},"2":{"line":37,"type":"if","locations":[{"start":{"line":37,"column":8},"end":{"line":37,"column":8}},{"start":{"line":37,"column":8},"end":{"line":37,"column":8}}]},"3":{"line":44,"type":"if","locations":[{"start":{"line":44,"column":8},"end":{"line":44,"column":8}},{"start":{"line":44,"column":8},"end":{"line":44,"column":8}}]},"4":{"line":53,"type":"if","locations":[{"start":{"line":53,"column":8},"end":{"line":53,"column":8}},{"start":{"line":53,"column":8},"end":{"line":53,"column":8}}]},"5":{"line":60,"type":"if","locations":[{"start":{"line":60,"column":8},"end":{"line":60,"column":8}},{"start":{"line":60,"column":8},"end":{"line":60,"column":8}}]},"6":{"line":67,"type":"if","locations":[{"start":{"line":67,"column":8},"end":{"line":67,"column":8}},{"start":{"line":67,"column":8},"end":{"line":67,"column":8}}]},"7":{"line":74,"type":"if","locations":[{"start":{"line":74,"column":8},"end":{"line":74,"column":8}},{"start":{"line":74,"column":8},"end":{"line":74,"column":8}}]},"8":{"line":102,"type":"if","locations":[{"start":{"line":102,"column":8},"end":{"line":102,"column":8}},{"start":{"line":102,"column":8},"end":{"line":102,"column":8}}]}}}}